Base path: 'D:/unity/unity/2019.4.18f1/Editor/Data', plugins path 'D:/unity/unity/2019.4.18f1/Editor/Data/PlaybackEngines'
Cmd: initializeCompiler
Cmd: compileSnippet
  api=4 type=0 insize=7085 outsize=502 kw= pd=UNITY_ENABLE_REFLECTION_BUFFERS UNITY_USE_DITHER_MASK_FOR_ALPHABLENDED_SHADOWS UNITY_PBS_USE_BRDF1 UNITY_SPECCUBE_BOX_PROJECTION UNITY_SPECCUBE_BLENDING UNITY_ENABLE_DETAIL_NORMALMAP SHADER_API_DESKTOP UNITY_LIGHT_PROBE_PROXY_VOLUME UNITY_LIGHTMAP_FULL_HDR ok=1
Cmd: compileSnippet
  api=4 type=1 insize=7085 outsize=1386 kw= pd=UNITY_ENABLE_REFLECTION_BUFFERS UNITY_USE_DITHER_MASK_FOR_ALPHABLENDED_SHADOWS UNITY_PBS_USE_BRDF1 UNITY_SPECCUBE_BOX_PROJECTION UNITY_SPECCUBE_BLENDING UNITY_ENABLE_DETAIL_NORMALMAP SHADER_API_DESKTOP UNITY_LIGHT_PROBE_PROXY_VOLUME UNITY_LIGHTMAP_FULL_HDR ok=1
Cmd: compileSnippet
  api=4 type=0 insize=7309 outsize=502 kw= pd=UNITY_ENABLE_REFLECTION_BUFFERS UNITY_USE_DITHER_MASK_FOR_ALPHABLENDED_SHADOWS UNITY_PBS_USE_BRDF1 UNITY_SPECCUBE_BOX_PROJECTION UNITY_SPECCUBE_BLENDING UNITY_ENABLE_DETAIL_NORMALMAP SHADER_API_DESKTOP UNITY_LIGHT_PROBE_PROXY_VOLUME UNITY_LIGHTMAP_FULL_HDR ok=1
Cmd: compileSnippet
  api=4 type=1 insize=7309 outsize=1634 kw= pd=UNITY_ENABLE_REFLECTION_BUFFERS UNITY_USE_DITHER_MASK_FOR_ALPHABLENDED_SHADOWS UNITY_PBS_USE_BRDF1 UNITY_SPECCUBE_BOX_PROJECTION UNITY_SPECCUBE_BLENDING UNITY_ENABLE_DETAIL_NORMALMAP SHADER_API_DESKTOP UNITY_LIGHT_PROBE_PROXY_VOLUME UNITY_LIGHTMAP_FULL_HDR ok=1
Cmd: compileSnippet
  api=4 type=0 insize=5754 outsize=502 kw= pd=UNITY_ENABLE_REFLECTION_BUFFERS UNITY_USE_DITHER_MASK_FOR_ALPHABLENDED_SHADOWS UNITY_PBS_USE_BRDF1 UNITY_SPECCUBE_BOX_PROJECTION UNITY_SPECCUBE_BLENDING UNITY_ENABLE_DETAIL_NORMALMAP SHADER_API_DESKTOP UNITY_LIGHT_PROBE_PROXY_VOLUME UNITY_LIGHTMAP_FULL_HDR ok=1
Cmd: compileSnippet
  api=4 type=1 insize=5754 outsize=3918 kw= pd=UNITY_ENABLE_REFLECTION_BUFFERS UNITY_USE_DITHER_MASK_FOR_ALPHABLENDED_SHADOWS UNITY_PBS_USE_BRDF1 UNITY_SPECCUBE_BOX_PROJECTION UNITY_SPECCUBE_BLENDING UNITY_ENABLE_DETAIL_NORMALMAP SHADER_API_DESKTOP UNITY_LIGHT_PROBE_PROXY_VOLUME UNITY_LIGHTMAP_FULL_HDR ok=1
Cmd: compileSnippet
  api=4 type=0 insize=2797 outsize=502 kw= pd=UNITY_ENABLE_REFLECTION_BUFFERS UNITY_USE_DITHER_MASK_FOR_ALPHABLENDED_SHADOWS UNITY_PBS_USE_BRDF1 UNITY_SPECCUBE_BOX_PROJECTION UNITY_SPECCUBE_BLENDING UNITY_ENABLE_DETAIL_NORMALMAP SHADER_API_DESKTOP UNITY_LIGHT_PROBE_PROXY_VOLUME UNITY_LIGHTMAP_FULL_HDR ok=1
Cmd: compileSnippet
  api=4 type=1 insize=2797 outsize=2790 kw= pd=UNITY_ENABLE_REFLECTION_BUFFERS UNITY_USE_DITHER_MASK_FOR_ALPHABLENDED_SHADOWS UNITY_PBS_USE_BRDF1 UNITY_SPECCUBE_BOX_PROJECTION UNITY_SPECCUBE_BLENDING UNITY_ENABLE_DETAIL_NORMALMAP SHADER_API_DESKTOP UNITY_LIGHT_PROBE_PROXY_VOLUME UNITY_LIGHTMAP_FULL_HDR ok=1
Cmd: compileSnippet
  api=4 type=0 insize=5032 outsize=942 kw=DISABLE_TEXTURE2D_X_ARRAY pd=UNITY_ENABLE_REFLECTION_BUFFERS UNITY_USE_DITHER_MASK_FOR_ALPHABLENDED_SHADOWS UNITY_PBS_USE_BRDF1 UNITY_SPECCUBE_BOX_PROJECTION UNITY_SPECCUBE_BLENDING UNITY_ENABLE_DETAIL_NORMALMAP SHADER_API_DESKTOP UNITY_LIGHT_PROBE_PROXY_VOLUME UNITY_LIGHTMAP_FULL_HDR ok=1
Cmd: compileSnippet
  api=4 type=1 insize=5032 outsize=338 kw=DISABLE_TEXTURE2D_X_ARRAY pd=UNITY_ENABLE_REFLECTION_BUFFERS UNITY_USE_DITHER_MASK_FOR_ALPHABLENDED_SHADOWS UNITY_PBS_USE_BRDF1 UNITY_SPECCUBE_BOX_PROJECTION UNITY_SPECCUBE_BLENDING UNITY_ENABLE_DETAIL_NORMALMAP SHADER_API_DESKTOP UNITY_LIGHT_PROBE_PROXY_VOLUME UNITY_LIGHTMAP_FULL_HDR ok=1
Cmd: compileSnippet
  api=4 type=0 insize=3818 outsize=402 kw= pd=UNITY_ENABLE_REFLECTION_BUFFERS UNITY_USE_DITHER_MASK_FOR_ALPHABLENDED_SHADOWS UNITY_PBS_USE_BRDF1 UNITY_SPECCUBE_BOX_PROJECTION UNITY_SPECCUBE_BLENDING UNITY_ENABLE_DETAIL_NORMALMAP SHADER_API_DESKTOP UNITY_LIGHT_PROBE_PROXY_VOLUME UNITY_LIGHTMAP_FULL_HDR ok=1
Cmd: compileSnippet
  api=4 type=1 insize=3818 outsize=2242 kw= pd=UNITY_ENABLE_REFLECTION_BUFFERS UNITY_USE_DITHER_MASK_FOR_ALPHABLENDED_SHADOWS UNITY_PBS_USE_BRDF1 UNITY_SPECCUBE_BOX_PROJECTION UNITY_SPECCUBE_BLENDING UNITY_ENABLE_DETAIL_NORMALMAP SHADER_API_DESKTOP UNITY_LIGHT_PROBE_PROXY_VOLUME UNITY_LIGHTMAP_FULL_HDR ok=1
Cmd: compileSnippet
  api=4 type=0 insize=12757 outsize=402 kw=SHADOW_MEDIUM USE_FPTL_LIGHTLIST pd=UNITY_ENABLE_REFLECTION_BUFFERS UNITY_USE_DITHER_MASK_FOR_ALPHABLENDED_SHADOWS UNITY_PBS_USE_BRDF1 UNITY_SPECCUBE_BOX_PROJECTION UNITY_SPECCUBE_BLENDING UNITY_ENABLE_DETAIL_NORMALMAP SHADER_API_DESKTOP UNITY_LIGHT_PROBE_PROXY_VOLUME UNITY_LIGHTMAP_FULL_HDR ok=1
Cmd: compileSnippet
  api=4 type=1 insize=12757 outsize=790 kw=SHADOW_MEDIUM USE_FPTL_LIGHTLIST pd=UNITY_ENABLE_REFLECTION_BUFFERS UNITY_USE_DITHER_MASK_FOR_ALPHABLENDED_SHADOWS UNITY_PBS_USE_BRDF1 UNITY_SPECCUBE_BOX_PROJECTION UNITY_SPECCUBE_BLENDING UNITY_ENABLE_DETAIL_NORMALMAP SHADER_API_DESKTOP UNITY_LIGHT_PROBE_PROXY_VOLUME UNITY_LIGHTMAP_FULL_HDR ok=1
Cmd: compileSnippet
  api=4 type=0 insize=5020 outsize=542 kw= pd=UNITY_ENABLE_REFLECTION_BUFFERS UNITY_USE_DITHER_MASK_FOR_ALPHABLENDED_SHADOWS UNITY_PBS_USE_BRDF1 UNITY_SPECCUBE_BOX_PROJECTION UNITY_SPECCUBE_BLENDING UNITY_ENABLE_DETAIL_NORMALMAP SHADER_API_DESKTOP UNITY_LIGHT_PROBE_PROXY_VOLUME UNITY_LIGHTMAP_FULL_HDR ok=1
Cmd: compileSnippet
  api=4 type=1 insize=5020 outsize=386 kw= pd=UNITY_ENABLE_REFLECTION_BUFFERS UNITY_USE_DITHER_MASK_FOR_ALPHABLENDED_SHADOWS UNITY_PBS_USE_BRDF1 UNITY_SPECCUBE_BOX_PROJECTION UNITY_SPECCUBE_BLENDING UNITY_ENABLE_DETAIL_NORMALMAP SHADER_API_DESKTOP UNITY_LIGHT_PROBE_PROXY_VOLUME UNITY_LIGHTMAP_FULL_HDR ok=1
Cmd: compileSnippet
  api=4 type=0 insize=5021 outsize=542 kw= pd=UNITY_ENABLE_REFLECTION_BUFFERS UNITY_USE_DITHER_MASK_FOR_ALPHABLENDED_SHADOWS UNITY_PBS_USE_BRDF1 UNITY_SPECCUBE_BOX_PROJECTION UNITY_SPECCUBE_BLENDING UNITY_ENABLE_DETAIL_NORMALMAP SHADER_API_DESKTOP UNITY_LIGHT_PROBE_PROXY_VOLUME UNITY_LIGHTMAP_FULL_HDR ok=1
Cmd: compileSnippet
  api=4 type=1 insize=5021 outsize=386 kw= pd=UNITY_ENABLE_REFLECTION_BUFFERS UNITY_USE_DITHER_MASK_FOR_ALPHABLENDED_SHADOWS UNITY_PBS_USE_BRDF1 UNITY_SPECCUBE_BOX_PROJECTION UNITY_SPECCUBE_BLENDING UNITY_ENABLE_DETAIL_NORMALMAP SHADER_API_DESKTOP UNITY_LIGHT_PROBE_PROXY_VOLUME UNITY_LIGHTMAP_FULL_HDR ok=1
Cmd: compileSnippet
  api=4 type=0 insize=693 outsize=542 kw= pd=UNITY_ENABLE_REFLECTION_BUFFERS UNITY_USE_DITHER_MASK_FOR_ALPHABLENDED_SHADOWS UNITY_PBS_USE_BRDF1 UNITY_SPECCUBE_BOX_PROJECTION UNITY_SPECCUBE_BLENDING UNITY_ENABLE_DETAIL_NORMALMAP SHADER_API_DESKTOP UNITY_LIGHT_PROBE_PROXY_VOLUME UNITY_LIGHTMAP_FULL_HDR ok=1
Cmd: compileSnippet
  api=4 type=1 insize=693 outsize=1102 kw= pd=UNITY_ENABLE_REFLECTION_BUFFERS UNITY_USE_DITHER_MASK_FOR_ALPHABLENDED_SHADOWS UNITY_PBS_USE_BRDF1 UNITY_SPECCUBE_BOX_PROJECTION UNITY_SPECCUBE_BLENDING UNITY_ENABLE_DETAIL_NORMALMAP SHADER_API_DESKTOP UNITY_LIGHT_PROBE_PROXY_VOLUME UNITY_LIGHTMAP_FULL_HDR ok=1
Cmd: compileSnippet
  api=4 type=0 insize=2834 outsize=530 kw=CHECKERBOARD_DOWNSAMPLE pd=UNITY_ENABLE_REFLECTION_BUFFERS UNITY_USE_DITHER_MASK_FOR_ALPHABLENDED_SHADOWS UNITY_PBS_USE_BRDF1 UNITY_SPECCUBE_BOX_PROJECTION UNITY_SPECCUBE_BLENDING UNITY_ENABLE_DETAIL_NORMALMAP SHADER_API_DESKTOP UNITY_LIGHT_PROBE_PROXY_VOLUME UNITY_LIGHTMAP_FULL_HDR ok=1
Cmd: compileSnippet
  api=4 type=1 insize=2834 outsize=926 kw=CHECKERBOARD_DOWNSAMPLE pd=UNITY_ENABLE_REFLECTION_BUFFERS UNITY_USE_DITHER_MASK_FOR_ALPHABLENDED_SHADOWS UNITY_PBS_USE_BRDF1 UNITY_SPECCUBE_BOX_PROJECTION UNITY_SPECCUBE_BLENDING UNITY_ENABLE_DETAIL_NORMALMAP SHADER_API_DESKTOP UNITY_LIGHT_PROBE_PROXY_VOLUME UNITY_LIGHTMAP_FULL_HDR ok=1
Cmd: compileSnippet
  api=4 type=0 insize=4286 outsize=502 kw=NEAREST_DEPTH pd=UNITY_ENABLE_REFLECTION_BUFFERS UNITY_USE_DITHER_MASK_FOR_ALPHABLENDED_SHADOWS UNITY_PBS_USE_BRDF1 UNITY_SPECCUBE_BOX_PROJECTION UNITY_SPECCUBE_BLENDING UNITY_ENABLE_DETAIL_NORMALMAP SHADER_API_DESKTOP UNITY_LIGHT_PROBE_PROXY_VOLUME UNITY_LIGHTMAP_FULL_HDR ok=1
Cmd: compileSnippet
  api=4 type=1 insize=4286 outsize=1778 kw=NEAREST_DEPTH pd=UNITY_ENABLE_REFLECTION_BUFFERS UNITY_USE_DITHER_MASK_FOR_ALPHABLENDED_SHADOWS UNITY_PBS_USE_BRDF1 UNITY_SPECCUBE_BOX_PROJECTION UNITY_SPECCUBE_BLENDING UNITY_ENABLE_DETAIL_NORMALMAP SHADER_API_DESKTOP UNITY_LIGHT_PROBE_PROXY_VOLUME UNITY_LIGHTMAP_FULL_HDR ok=1
Cmd: compileSnippet
  api=4 type=0 insize=4308 outsize=530 kw= pd=UNITY_ENABLE_REFLECTION_BUFFERS UNITY_USE_DITHER_MASK_FOR_ALPHABLENDED_SHADOWS UNITY_PBS_USE_BRDF1 UNITY_SPECCUBE_BOX_PROJECTION UNITY_SPECCUBE_BLENDING UNITY_ENABLE_DETAIL_NORMALMAP SHADER_API_DESKTOP UNITY_LIGHT_PROBE_PROXY_VOLUME UNITY_LIGHTMAP_FULL_HDR ok=1
Cmd: compileSnippet
  api=4 type=1 insize=4308 outsize=1206 kw= pd=UNITY_ENABLE_REFLECTION_BUFFERS UNITY_USE_DITHER_MASK_FOR_ALPHABLENDED_SHADOWS UNITY_PBS_USE_BRDF1 UNITY_SPECCUBE_BOX_PROJECTION UNITY_SPECCUBE_BLENDING UNITY_ENABLE_DETAIL_NORMALMAP SHADER_API_DESKTOP UNITY_LIGHT_PROBE_PROXY_VOLUME UNITY_LIGHTMAP_FULL_HDR ok=1
Cmd: compileSnippet
  api=4 type=0 insize=1448 outsize=402 kw= pd=UNITY_ENABLE_REFLECTION_BUFFERS UNITY_USE_DITHER_MASK_FOR_ALPHABLENDED_SHADOWS UNITY_PBS_USE_BRDF1 UNITY_SPECCUBE_BOX_PROJECTION UNITY_SPECCUBE_BLENDING UNITY_ENABLE_DETAIL_NORMALMAP SHADER_API_DESKTOP UNITY_LIGHT_PROBE_PROXY_VOLUME UNITY_LIGHTMAP_FULL_HDR ok=1
Cmd: compileSnippet
  api=4 type=1 insize=1448 outsize=222 kw= pd=UNITY_ENABLE_REFLECTION_BUFFERS UNITY_USE_DITHER_MASK_FOR_ALPHABLENDED_SHADOWS UNITY_PBS_USE_BRDF1 UNITY_SPECCUBE_BOX_PROJECTION UNITY_SPECCUBE_BLENDING UNITY_ENABLE_DETAIL_NORMALMAP SHADER_API_DESKTOP UNITY_LIGHT_PROBE_PROXY_VOLUME UNITY_LIGHTMAP_FULL_HDR ok=1
Cmd: compileSnippet
  api=4 type=0 insize=6767 outsize=502 kw=APPLY_AFTER_POST pd=UNITY_ENABLE_REFLECTION_BUFFERS UNITY_USE_DITHER_MASK_FOR_ALPHABLENDED_SHADOWS UNITY_PBS_USE_BRDF1 UNITY_SPECCUBE_BOX_PROJECTION UNITY_SPECCUBE_BLENDING UNITY_ENABLE_DETAIL_NORMALMAP SHADER_API_DESKTOP UNITY_LIGHT_PROBE_PROXY_VOLUME UNITY_LIGHTMAP_FULL_HDR ok=1
Cmd: compileSnippet
  api=4 type=1 insize=6767 outsize=902 kw=APPLY_AFTER_POST pd=UNITY_ENABLE_REFLECTION_BUFFERS UNITY_USE_DITHER_MASK_FOR_ALPHABLENDED_SHADOWS UNITY_PBS_USE_BRDF1 UNITY_SPECCUBE_BOX_PROJECTION UNITY_SPECCUBE_BLENDING UNITY_ENABLE_DETAIL_NORMALMAP SHADER_API_DESKTOP UNITY_LIGHT_PROBE_PROXY_VOLUME UNITY_LIGHTMAP_FULL_HDR ok=1
Cmd: compileSnippet
  api=4 type=0 insize=2197 outsize=634 kw= pd=UNITY_ENABLE_REFLECTION_BUFFERS UNITY_USE_DITHER_MASK_FOR_ALPHABLENDED_SHADOWS UNITY_PBS_USE_BRDF1 UNITY_SPECCUBE_BOX_PROJECTION UNITY_SPECCUBE_BLENDING UNITY_ENABLE_DETAIL_NORMALMAP SHADER_API_DESKTOP UNITY_LIGHT_PROBE_PROXY_VOLUME UNITY_LIGHTMAP_FULL_HDR ok=1
Cmd: compileSnippet
  api=4 type=1 insize=2197 outsize=410 kw= pd=UNITY_ENABLE_REFLECTION_BUFFERS UNITY_USE_DITHER_MASK_FOR_ALPHABLENDED_SHADOWS UNITY_PBS_USE_BRDF1 UNITY_SPECCUBE_BOX_PROJECTION UNITY_SPECCUBE_BLENDING UNITY_ENABLE_DETAIL_NORMALMAP SHADER_API_DESKTOP UNITY_LIGHT_PROBE_PROXY_VOLUME UNITY_LIGHTMAP_FULL_HDR ok=1
Cmd: compileSnippet
  api=4 type=0 insize=12757 outsize=402 kw=SHADOW_MEDIUM USE_FPTL_LIGHTLIST pd=UNITY_ENABLE_REFLECTION_BUFFERS UNITY_USE_DITHER_MASK_FOR_ALPHABLENDED_SHADOWS UNITY_PBS_USE_BRDF1 UNITY_SPECCUBE_BOX_PROJECTION UNITY_SPECCUBE_BLENDING UNITY_ENABLE_DETAIL_NORMALMAP SHADER_API_DESKTOP UNITY_LIGHT_PROBE_PROXY_VOLUME UNITY_LIGHTMAP_FULL_HDR ok=1
Cmd: compileSnippet
  api=4 type=1 insize=12757 outsize=914 kw=SHADOW_MEDIUM USE_FPTL_LIGHTLIST pd=UNITY_ENABLE_REFLECTION_BUFFERS UNITY_USE_DITHER_MASK_FOR_ALPHABLENDED_SHADOWS UNITY_PBS_USE_BRDF1 UNITY_SPECCUBE_BOX_PROJECTION UNITY_SPECCUBE_BLENDING UNITY_ENABLE_DETAIL_NORMALMAP SHADER_API_DESKTOP UNITY_LIGHT_PROBE_PROXY_VOLUME UNITY_LIGHTMAP_FULL_HDR ok=1
Cmd: compileSnippet
  api=4 type=0 insize=5582 outsize=402 kw= pd=UNITY_ENABLE_REFLECTION_BUFFERS UNITY_USE_DITHER_MASK_FOR_ALPHABLENDED_SHADOWS UNITY_PBS_USE_BRDF1 UNITY_SPECCUBE_BOX_PROJECTION UNITY_SPECCUBE_BLENDING UNITY_ENABLE_DETAIL_NORMALMAP SHADER_API_DESKTOP UNITY_LIGHT_PROBE_PROXY_VOLUME UNITY_LIGHTMAP_FULL_HDR ok=1
Cmd: compileSnippet
  api=4 type=1 insize=5582 outsize=15554 kw= pd=UNITY_ENABLE_REFLECTION_BUFFERS UNITY_USE_DITHER_MASK_FOR_ALPHABLENDED_SHADOWS UNITY_PBS_USE_BRDF1 UNITY_SPECCUBE_BOX_PROJECTION UNITY_SPECCUBE_BLENDING UNITY_ENABLE_DETAIL_NORMALMAP SHADER_API_DESKTOP UNITY_LIGHT_PROBE_PROXY_VOLUME UNITY_LIGHTMAP_FULL_HDR ok=1
Cmd: compileSnippet
  api=4 type=0 insize=6767 outsize=502 kw=DITHER APPLY_AFTER_POST pd=UNITY_ENABLE_REFLECTION_BUFFERS UNITY_USE_DITHER_MASK_FOR_ALPHABLENDED_SHADOWS UNITY_PBS_USE_BRDF1 UNITY_SPECCUBE_BOX_PROJECTION UNITY_SPECCUBE_BLENDING UNITY_ENABLE_DETAIL_NORMALMAP SHADER_API_DESKTOP UNITY_LIGHT_PROBE_PROXY_VOLUME UNITY_LIGHTMAP_FULL_HDR ok=1
Cmd: compileSnippet
  api=4 type=1 insize=6767 outsize=2014 kw=DITHER APPLY_AFTER_POST pd=UNITY_ENABLE_REFLECTION_BUFFERS UNITY_USE_DITHER_MASK_FOR_ALPHABLENDED_SHADOWS UNITY_PBS_USE_BRDF1 UNITY_SPECCUBE_BOX_PROJECTION UNITY_SPECCUBE_BLENDING UNITY_ENABLE_DETAIL_NORMALMAP SHADER_API_DESKTOP UNITY_LIGHT_PROBE_PROXY_VOLUME UNITY_LIGHTMAP_FULL_HDR ok=1
Cmd: compileSnippet
  api=4 type=0 insize=12757 outsize=402 kw=SHADOW_MEDIUM USE_CLUSTERED_LIGHTLIST pd=UNITY_ENABLE_REFLECTION_BUFFERS UNITY_USE_DITHER_MASK_FOR_ALPHABLENDED_SHADOWS UNITY_PBS_USE_BRDF1 UNITY_SPECCUBE_BOX_PROJECTION UNITY_SPECCUBE_BLENDING UNITY_ENABLE_DETAIL_NORMALMAP SHADER_API_DESKTOP UNITY_LIGHT_PROBE_PROXY_VOLUME UNITY_LIGHTMAP_FULL_HDR ok=1
Cmd: compileSnippet
  api=4 type=1 insize=12757 outsize=790 kw=SHADOW_MEDIUM USE_CLUSTERED_LIGHTLIST pd=UNITY_ENABLE_REFLECTION_BUFFERS UNITY_USE_DITHER_MASK_FOR_ALPHABLENDED_SHADOWS UNITY_PBS_USE_BRDF1 UNITY_SPECCUBE_BOX_PROJECTION UNITY_SPECCUBE_BLENDING UNITY_ENABLE_DETAIL_NORMALMAP SHADER_API_DESKTOP UNITY_LIGHT_PROBE_PROXY_VOLUME UNITY_LIGHTMAP_FULL_HDR ok=1
Cmd: compileSnippet
  api=4 type=0 insize=9934 outsize=682 kw= pd=UNITY_ENABLE_REFLECTION_BUFFERS UNITY_USE_DITHER_MASK_FOR_ALPHABLENDED_SHADOWS UNITY_PBS_USE_BRDF1 UNITY_SPECCUBE_BOX_PROJECTION UNITY_SPECCUBE_BLENDING UNITY_ENABLE_DETAIL_NORMALMAP SHADER_API_DESKTOP UNITY_LIGHT_PROBE_PROXY_VOLUME UNITY_LIGHTMAP_FULL_HDR ok=1
Cmd: compileSnippet
  api=4 type=1 insize=9934 outsize=13226 kw= pd=UNITY_ENABLE_REFLECTION_BUFFERS UNITY_USE_DITHER_MASK_FOR_ALPHABLENDED_SHADOWS UNITY_PBS_USE_BRDF1 UNITY_SPECCUBE_BOX_PROJECTION UNITY_SPECCUBE_BLENDING UNITY_ENABLE_DETAIL_NORMALMAP SHADER_API_DESKTOP UNITY_LIGHT_PROBE_PROXY_VOLUME UNITY_LIGHTMAP_FULL_HDR ok=1
Cmd: compileSnippet
  api=4 type=0 insize=970 outsize=682 kw= pd=UNITY_ENABLE_REFLECTION_BUFFERS UNITY_USE_DITHER_MASK_FOR_ALPHABLENDED_SHADOWS UNITY_PBS_USE_BRDF1 UNITY_SPECCUBE_BOX_PROJECTION UNITY_SPECCUBE_BLENDING UNITY_ENABLE_DETAIL_NORMALMAP SHADER_API_DESKTOP UNITY_LIGHT_PROBE_PROXY_VOLUME UNITY_LIGHTMAP_FULL_HDR ok=1
Cmd: compileSnippet
  api=4 type=1 insize=970 outsize=326 kw= pd=UNITY_ENABLE_REFLECTION_BUFFERS UNITY_USE_DITHER_MASK_FOR_ALPHABLENDED_SHADOWS UNITY_PBS_USE_BRDF1 UNITY_SPECCUBE_BOX_PROJECTION UNITY_SPECCUBE_BLENDING UNITY_ENABLE_DETAIL_NORMALMAP SHADER_API_DESKTOP UNITY_LIGHT_PROBE_PROXY_VOLUME UNITY_LIGHTMAP_FULL_HDR ok=1
Cmd: compileSnippet
  api=4 type=0 insize=1248 outsize=650 kw= pd=UNITY_ENABLE_REFLECTION_BUFFERS UNITY_USE_DITHER_MASK_FOR_ALPHABLENDED_SHADOWS UNITY_PBS_USE_BRDF1 UNITY_SPECCUBE_BOX_PROJECTION UNITY_SPECCUBE_BLENDING UNITY_ENABLE_DETAIL_NORMALMAP SHADER_API_DESKTOP UNITY_LIGHT_PROBE_PROXY_VOLUME UNITY_LIGHTMAP_FULL_HDR ok=1
Cmd: compileSnippet
  api=4 type=1 insize=1248 outsize=882 kw= pd=UNITY_ENABLE_REFLECTION_BUFFERS UNITY_USE_DITHER_MASK_FOR_ALPHABLENDED_SHADOWS UNITY_PBS_USE_BRDF1 UNITY_SPECCUBE_BOX_PROJECTION UNITY_SPECCUBE_BLENDING UNITY_ENABLE_DETAIL_NORMALMAP SHADER_API_DESKTOP UNITY_LIGHT_PROBE_PROXY_VOLUME UNITY_LIGHTMAP_FULL_HDR ok=1
Cmd: preprocessCompute
  insize=6604 outsize=6606 ok=1
Cmd: compileComputeKernel
  api=4 insize=6606 outsize=2003 ok=1
Cmd: preprocessCompute
  insize=5856 outsize=5858 ok=1
Cmd: compileComputeKernel
  api=4 insize=5858 outsize=1508 ok=1
Cmd: initializeCompiler
Cmd: preprocess
  insize=42335 outsize=635 ok=1
Cmd: preprocessCompute
  insize=2008 outsize=2010 ok=1
Cmd: compileComputeKernel
  api=4 insize=2010 outsize=1398 ok=1
Cmd: preprocessCompute
  insize=6570 outsize=6572 ok=1
Cmd: compileComputeKernel
  api=4 insize=6572 outsize=2207 ok=1
Cmd: preprocessCompute
  insize=5856 outsize=5858 ok=1
Cmd: preprocess
  insize=42335 outsize=635 ok=1
Cmd: preprocessCompute
  insize=2008 outsize=2010 ok=1
Cmd: compileSnippet
  api=4 type=0 insize=3896 outsize=1490 kw= pd=UNITY_ENABLE_REFLECTION_BUFFERS UNITY_USE_DITHER_MASK_FOR_ALPHABLENDED_SHADOWS UNITY_PBS_USE_BRDF1 UNITY_SPECCUBE_BOX_PROJECTION UNITY_SPECCUBE_BLENDING UNITY_ENABLE_DETAIL_NORMALMAP SHADER_API_DESKTOP UNITY_LIGHT_PROBE_PROXY_VOLUME UNITY_LIGHTMAP_FULL_HDR ok=1
Cmd: compileSnippet
  api=4 type=1 insize=3896 outsize=1502 kw= pd=UNITY_ENABLE_REFLECTION_BUFFERS UNITY_USE_DITHER_MASK_FOR_ALPHABLENDED_SHADOWS UNITY_PBS_USE_BRDF1 UNITY_SPECCUBE_BOX_PROJECTION UNITY_SPECCUBE_BLENDING UNITY_ENABLE_DETAIL_NORMALMAP SHADER_API_DESKTOP UNITY_LIGHT_PROBE_PROXY_VOLUME UNITY_LIGHTMAP_FULL_HDR ok=1
Cmd: compileSnippet
  api=4 type=0 insize=3555 outsize=1358 kw= pd=UNITY_ENABLE_REFLECTION_BUFFERS UNITY_USE_DITHER_MASK_FOR_ALPHABLENDED_SHADOWS UNITY_PBS_USE_BRDF1 UNITY_SPECCUBE_BOX_PROJECTION UNITY_SPECCUBE_BLENDING UNITY_ENABLE_DETAIL_NORMALMAP SHADER_API_DESKTOP UNITY_LIGHT_PROBE_PROXY_VOLUME UNITY_LIGHTMAP_FULL_HDR ok=1
Cmd: compileSnippet
  api=4 type=1 insize=3555 outsize=1046 kw= pd=UNITY_ENABLE_REFLECTION_BUFFERS UNITY_USE_DITHER_MASK_FOR_ALPHABLENDED_SHADOWS UNITY_PBS_USE_BRDF1 UNITY_SPECCUBE_BOX_PROJECTION UNITY_SPECCUBE_BLENDING UNITY_ENABLE_DETAIL_NORMALMAP SHADER_API_DESKTOP UNITY_LIGHT_PROBE_PROXY_VOLUME UNITY_LIGHTMAP_FULL_HDR ok=1
Cmd: compileSnippet
  api=4 type=0 insize=7304 outsize=810 kw=_NORMALMAP_TANGENT_SPACE _NORMALMAP _MASKMAP pd=UNITY_ENABLE_REFLECTION_BUFFERS UNITY_USE_DITHER_MASK_FOR_ALPHABLENDED_SHADOWS UNITY_PBS_USE_BRDF1 UNITY_SPECCUBE_BOX_PROJECTION UNITY_SPECCUBE_BLENDING UNITY_ENABLE_DETAIL_NORMALMAP SHADER_API_DESKTOP UNITY_LIGHT_PROBE_PROXY_VOLUME UNITY_LIGHTMAP_FULL_HDR ok=1
Cmd: compileSnippet
  api=4 type=1 insize=7304 outsize=262 kw=_NORMALMAP_TANGENT_SPACE _NORMALMAP _MASKMAP pd=UNITY_ENABLE_REFLECTION_BUFFERS UNITY_USE_DITHER_MASK_FOR_ALPHABLENDED_SHADOWS UNITY_PBS_USE_BRDF1 UNITY_SPECCUBE_BOX_PROJECTION UNITY_SPECCUBE_BLENDING UNITY_ENABLE_DETAIL_NORMALMAP SHADER_API_DESKTOP UNITY_LIGHT_PROBE_PROXY_VOLUME UNITY_LIGHTMAP_FULL_HDR ok=1
Cmd: compileSnippet
  api=4 type=0 insize=7304 outsize=810 kw=_NORMALMAP_TANGENT_SPACE _MASKMAP pd=UNITY_ENABLE_REFLECTION_BUFFERS UNITY_USE_DITHER_MASK_FOR_ALPHABLENDED_SHADOWS UNITY_PBS_USE_BRDF1 UNITY_SPECCUBE_BOX_PROJECTION UNITY_SPECCUBE_BLENDING UNITY_ENABLE_DETAIL_NORMALMAP SHADER_API_DESKTOP UNITY_LIGHT_PROBE_PROXY_VOLUME UNITY_LIGHTMAP_FULL_HDR ok=1
Cmd: compileSnippet
  api=4 type=1 insize=7304 outsize=262 kw=_NORMALMAP_TANGENT_SPACE _MASKMAP pd=UNITY_ENABLE_REFLECTION_BUFFERS UNITY_USE_DITHER_MASK_FOR_ALPHABLENDED_SHADOWS UNITY_PBS_USE_BRDF1 UNITY_SPECCUBE_BOX_PROJECTION UNITY_SPECCUBE_BLENDING UNITY_ENABLE_DETAIL_NORMALMAP SHADER_API_DESKTOP UNITY_LIGHT_PROBE_PROXY_VOLUME UNITY_LIGHTMAP_FULL_HDR ok=1
Cmd: compileSnippet
  api=4 type=0 insize=7304 outsize=810 kw=_NORMALMAP_TANGENT_SPACE pd=UNITY_ENABLE_REFLECTION_BUFFERS UNITY_USE_DITHER_MASK_FOR_ALPHABLENDED_SHADOWS UNITY_PBS_USE_BRDF1 UNITY_SPECCUBE_BOX_PROJECTION UNITY_SPECCUBE_BLENDING UNITY_ENABLE_DETAIL_NORMALMAP SHADER_API_DESKTOP UNITY_LIGHT_PROBE_PROXY_VOLUME UNITY_LIGHTMAP_FULL_HDR ok=1
Cmd: compileSnippet
  api=4 type=1 insize=7304 outsize=262 kw=_NORMALMAP_TANGENT_SPACE pd=UNITY_ENABLE_REFLECTION_BUFFERS UNITY_USE_DITHER_MASK_FOR_ALPHABLENDED_SHADOWS UNITY_PBS_USE_BRDF1 UNITY_SPECCUBE_BOX_PROJECTION UNITY_SPECCUBE_BLENDING UNITY_ENABLE_DETAIL_NORMALMAP SHADER_API_DESKTOP UNITY_LIGHT_PROBE_PROXY_VOLUME UNITY_LIGHTMAP_FULL_HDR ok=1
Cmd: compileSnippet
  api=4 type=0 insize=7304 outsize=810 kw=_SURFACE_TYPE_TRANSPARENT _NORMALMAP_TANGENT_SPACE _BLENDMODE_ALPHA _BLENDMODE_PRESERVE_SPECULAR_LIGHTING _ENABLE_FOG_ON_TRANSPARENT pd=UNITY_ENABLE_REFLECTION_BUFFERS UNITY_USE_DITHER_MASK_FOR_ALPHABLENDED_SHADOWS UNITY_PBS_USE_BRDF1 UNITY_SPECCUBE_BOX_PROJECTION UNITY_SPECCUBE_BLENDING UNITY_ENABLE_DETAIL_NORMALMAP SHADER_API_DESKTOP UNITY_LIGHT_PROBE_PROXY_VOLUME UNITY_LIGHTMAP_FULL_HDR ok=1
Cmd: compileSnippet
  api=4 type=1 insize=7304 outsize=262 kw=_SURFACE_TYPE_TRANSPARENT _NORMALMAP_TANGENT_SPACE _BLENDMODE_ALPHA _BLENDMODE_PRESERVE_SPECULAR_LIGHTING _ENABLE_FOG_ON_TRANSPARENT pd=UNITY_ENABLE_REFLECTION_BUFFERS UNITY_USE_DITHER_MASK_FOR_ALPHABLENDED_SHADOWS UNITY_PBS_USE_BRDF1 UNITY_SPECCUBE_BOX_PROJECTION UNITY_SPECCUBE_BLENDING UNITY_ENABLE_DETAIL_NORMALMAP SHADER_API_DESKTOP UNITY_LIGHT_PROBE_PROXY_VOLUME UNITY_LIGHTMAP_FULL_HDR ok=1
Cmd: preprocessCompute
  insize=6604 outsize=6606 ok=1
Cmd: preprocessCompute
  insize=5856 outsize=5858 ok=1
Cmd: preprocess
  insize=42343 outsize=643 ok=1
Cmd: preprocessCompute
  insize=2008 outsize=2010 ok=1
Cmd: preprocessCompute
  insize=6570 outsize=6572 ok=1
Cmd: preprocessCompute
  insize=5856 outsize=5858 ok=1
Cmd: preprocess
  insize=42343 outsize=643 ok=1
Cmd: preprocessCompute
  insize=2008 outsize=2010 ok=1
Cmd: initializeCompiler
Cmd: preprocess
  insize=7048 outsize=802 ok=1
Cmd: preprocessCompute
  insize=591 outsize=595 ok=1
Cmd: preprocess
  insize=1380 outsize=265 ok=1
Cmd: preprocessCompute
  insize=16794 outsize=16804 ok=1
Cmd: preprocess
  insize=10760 outsize=871 ok=1
Cmd: preprocessCompute
  insize=21586 outsize=21596 ok=1
Cmd: preprocessCompute
  insize=7564 outsize=7570 ok=1
Cmd: preprocessCompute
  insize=847 outsize=848 ok=1
Cmd: preprocess
  insize=2027 outsize=428 ok=1
Cmd: preprocessCompute
  insize=9605 outsize=9615 ok=1
Cmd: preprocess
  insize=57493 outsize=27323 ok=1
Cmd: preprocess
  insize=10260 outsize=338 ok=1
Cmd: preprocess
  insize=2976 outsize=342 ok=1
Cmd: preprocess
  insize=3958 outsize=719 ok=1
Cmd: preprocess
  insize=2249 outsize=338 ok=1
Cmd: preprocessCompute
  insize=16419 outsize=16425 ok=1
Cmd: preprocessCompute
  insize=4520 outsize=4528 ok=1
Cmd: preprocessCompute
  insize=9883 outsize=9917 ok=1
Cmd: preprocess
  insize=4788 outsize=817 ok=1
Cmd: preprocess
  insize=3801 outsize=315 ok=1
Cmd: preprocess
  insize=2769 outsize=302 ok=1
Cmd: preprocess
  insize=6711 outsize=1249 ok=1
Cmd: preprocess
  insize=2339 outsize=473 ok=1
Cmd: preprocessCompute
  insize=22432 outsize=22438 ok=1
Cmd: preprocess
  insize=5401 outsize=672 ok=1
Cmd: preprocessCompute
  insize=567 outsize=569 ok=1
Cmd: preprocessCompute
  insize=17984 outsize=17994 ok=1
Cmd: preprocess
  insize=7045 outsize=292 ok=1
Cmd: preprocess
  insize=7287 outsize=1245 ok=1
Cmd: preprocessCompute
  insize=4797 outsize=4823 ok=1
Cmd: preprocess
  insize=3615 outsize=874 ok=1
Cmd: preprocessCompute
  insize=5893 outsize=5899 ok=1
Cmd: preprocess
  insize=1424 outsize=307 ok=1
Cmd: preprocess
  insize=18053 outsize=2592 ok=1
Cmd: preprocess
  insize=5964 outsize=297 ok=1
Cmd: preprocess
  insize=2425 outsize=655 ok=1
Cmd: preprocessCompute
  insize=648 outsize=650 ok=1
Cmd: preprocess
  insize=2853 outsize=582 ok=1
Cmd: preprocessCompute
  insize=2762 outsize=2770 ok=1
Cmd: preprocess
  insize=830 outsize=318 ok=1
Cmd: preprocessCompute
  insize=2611 outsize=2617 ok=1
Cmd: preprocessCompute
  insize=3251 outsize=3255 ok=1
Cmd: preprocessCompute
  insize=1866 outsize=1870 ok=1
Cmd: preprocessCompute
  insize=14119 outsize=14139 ok=1
Cmd: preprocessCompute
  insize=11062 outsize=11086 ok=1
Cmd: preprocessCompute
  insize=3184 outsize=3194 ok=1
Cmd: preprocessCompute
  insize=862 outsize=868 ok=1
Cmd: preprocessCompute
  insize=40369 outsize=40407 ok=1
Cmd: preprocessCompute
  insize=8501 outsize=8511 ok=1
Cmd: preprocess
  insize=9355 outsize=568 ok=1
Cmd: preprocess
  insize=27108 outsize=11725 ok=1
Cmd: preprocessCompute
  insize=3287 outsize=3291 ok=1
Cmd: preprocessCompute
  insize=1054 outsize=1056 ok=1
Cmd: preprocess
  insize=3180 outsize=344 ok=1
Cmd: preprocess
  insize=19958 outsize=10316 ok=1
Cmd: preprocessCompute
  insize=3691 outsize=3707 ok=1
Cmd: preprocessCompute
  insize=22277 outsize=22295 ok=1
Cmd: preprocess
  insize=41209 outsize=21438 ok=1
Cmd: preprocessCompute
  insize=11482 outsize=11494 ok=1
Cmd: preprocessCompute
  insize=3714 outsize=3718 ok=1
Cmd: preprocess
  insize=4111 outsize=914 ok=1
Cmd: preprocess
  insize=1229 outsize=336 ok=1
Cmd: preprocess
  insize=2447 outsize=318 ok=1
Cmd: preprocessCompute
  insize=2309 outsize=2313 ok=1
Cmd: preprocessCompute
  insize=3130 outsize=3134 ok=1
Cmd: preprocess
  insize=1752 outsize=1119 ok=1
Cmd: preprocess
  insize=7277 outsize=300 ok=1
Cmd: preprocess
  insize=1104 outsize=523 ok=1
Cmd: preprocessCompute
  insize=9413 outsize=9419 ok=1
Cmd: preprocessCompute
  insize=9817 outsize=9829 ok=1
Cmd: preprocess
  insize=6922 outsize=1666 ok=1
Cmd: preprocessCompute
  insize=7853 outsize=7861 ok=1
Cmd: preprocess
  insize=2815 outsize=312 ok=1
Cmd: preprocessCompute
  insize=8283 outsize=8295 ok=1
Cmd: preprocess
  insize=11915 outsize=356 ok=1
Cmd: preprocessCompute
  insize=22321 outsize=22339 ok=1
Cmd: preprocess
  insize=2699 outsize=585 ok=1
Cmd: preprocessCompute
  insize=6184 outsize=6202 ok=1
Cmd: preprocess
  insize=3328 outsize=383 ok=1
Cmd: preprocess
  insize=1569 outsize=368 ok=1
Cmd: preprocessCompute
  insize=3089 outsize=3095 ok=1
Cmd: preprocessCompute
  insize=6703 outsize=6745 ok=1
Cmd: preprocess
  insize=2119 outsize=307 ok=1
Cmd: preprocess
  insize=15217 outsize=337 ok=1
Cmd: preprocessCompute
  insize=3741 outsize=3745 ok=1
Cmd: preprocessCompute
  insize=10106 outsize=10112 ok=1
Cmd: preprocess
  insize=2230 outsize=513 ok=1
Cmd: preprocessCompute
  insize=8506 outsize=8512 ok=1
Cmd: preprocess
  insize=8998 outsize=5132 ok=1
Cmd: preprocessCompute
  insize=700 outsize=704 ok=1
Cmd: preprocessCompute
  insize=11557 outsize=11559 ok=1
Cmd: preprocess
  insize=4334 outsize=384 ok=1
Cmd: preprocess
  insize=6713 outsize=282 ok=1
Cmd: preprocessCompute
  insize=1627 outsize=1631 ok=1
Cmd: preprocess
  insize=1052 outsize=174 ok=1
Cmd: preprocess
  insize=44969 outsize=26977 ok=1
Cmd: preprocess
  insize=4350 outsize=861 ok=1
Cmd: preprocessCompute
  insize=26518 outsize=26542 ok=1
Cmd: preprocessCompute
  insize=16169 outsize=16295 ok=1
Cmd: preprocessCompute
  insize=8739 outsize=8751 ok=1
Cmd: preprocess
  insize=2740 outsize=487 ok=1
Cmd: preprocess
  insize=5730 outsize=307 ok=1
Cmd: preprocess
  insize=14270 outsize=1632 ok=1
Cmd: preprocess
  insize=12222 outsize=6859 ok=1
Cmd: preprocessCompute
  insize=3689 outsize=3697 ok=1
Cmd: preprocessCompute
  insize=5885 outsize=5893 ok=1
Cmd: preprocessCompute
  insize=3916 outsize=3922 ok=1
Cmd: preprocessCompute
  insize=3783 outsize=3787 ok=1
Cmd: preprocess
  insize=945 outsize=218 ok=1
Cmd: preprocessCompute
  insize=28573 outsize=28593 ok=1
Cmd: preprocessCompute
  insize=3910 outsize=3916 ok=1
Cmd: preprocess
  insize=28082 outsize=17265 ok=1
Cmd: preprocessCompute
  insize=1201 outsize=1207 ok=1
Cmd: preprocess
  insize=408 outsize=408 ok=1
Cmd: preprocess
  insize=6639 outsize=2823 ok=1
Cmd: preprocessCompute
  insize=12171 outsize=12177 ok=1
Cmd: preprocessCompute
  insize=1971 outsize=1977 ok=1
Cmd: preprocessCompute
  insize=6047 outsize=6051 ok=1
Cmd: preprocessCompute
  insize=3708 outsize=3714 ok=1
Cmd: preprocess
  insize=4355 outsize=856 ok=1
Cmd: preprocessCompute
  insize=3545 outsize=3549 ok=1
Cmd: preprocess
  insize=3925 outsize=1017 ok=1
Cmd: preprocess
  insize=2763 outsize=1210 ok=1
Cmd: preprocessCompute
  insize=11063 outsize=11069 ok=1
Cmd: preprocessCompute
  insize=3441 outsize=3447 ok=1
Cmd: preprocessCompute
  insize=7575 outsize=7589 ok=1
Cmd: preprocessCompute
  insize=12752 outsize=12756 ok=1
Cmd: preprocessCompute
  insize=13947 outsize=13959 ok=1
Cmd: preprocess
  insize=55505 outsize=21953 ok=1
Cmd: preprocess
  insize=7508 outsize=857 ok=1
Cmd: preprocessCompute
  insize=8776 outsize=8784 ok=1
Cmd: preprocess
  insize=3580 outsize=601 ok=1
Cmd: preprocess
  insize=1740 outsize=717 ok=1
Cmd: preprocessCompute
  insize=10577 outsize=10587 ok=1
Cmd: preprocess
  insize=18073 outsize=1480 ok=1
Cmd: preprocess
  insize=2435 outsize=304 ok=1
Cmd: preprocess
  insize=1274 outsize=496 ok=1
Cmd: preprocess
  insize=3235 outsize=313 ok=1
Cmd: preprocess
  insize=1866 outsize=332 ok=1
Cmd: preprocessCompute
  insize=6570 outsize=6572 ok=1
Cmd: preprocessCompute
  insize=5856 outsize=5858 ok=1
Cmd: preprocess
  insize=42343 outsize=643 ok=1
Cmd: preprocessCompute
  insize=2008 outsize=2010 ok=1
Cmd: preprocessCompute
  insize=6570 outsize=6572 ok=1
Cmd: preprocessCompute
  insize=5856 outsize=5858 ok=1
Cmd: preprocess
  insize=42343 outsize=643 ok=1
Cmd: preprocessCompute
  insize=2008 outsize=2010 ok=1
Cmd: preprocessCompute
  insize=7770 outsize=7772 ok=1
Cmd: compileComputeKernel
  api=4 insize=7772 outsize=2702 ok=1
Cmd: preprocessCompute
  insize=9317 outsize=9319 ok=1
Cmd: compileComputeKernel
  api=4 insize=9319 outsize=8548 ok=1
Cmd: preprocessCompute
  insize=6894 outsize=6896 ok=1
Cmd: compileComputeKernel
  api=4 insize=6896 outsize=1989 ok=1
Cmd: preprocessCompute
  insize=7438 outsize=7440 ok=1
Cmd: compileComputeKernel
  api=4 insize=7440 outsize=7885 ok=1
Cmd: preprocess
  insize=39283 outsize=635 ok=1
Cmd: preprocessCompute
  insize=7772 outsize=7774 ok=1
Cmd: compileComputeKernel
  api=4 insize=7774 outsize=2702 ok=1
Cmd: preprocessCompute
  insize=9319 outsize=9321 ok=1
Cmd: compileComputeKernel
  api=4 insize=9321 outsize=8548 ok=1
Cmd: preprocessCompute
  insize=6895 outsize=6897 ok=1
Cmd: compileComputeKernel
  api=4 insize=6897 outsize=1989 ok=1
Cmd: preprocessCompute
  insize=7438 outsize=7440 ok=1
Cmd: preprocess
  insize=39283 outsize=635 ok=1
Cmd: preprocessCompute
  insize=7772 outsize=7774 ok=1
Cmd: preprocessCompute
  insize=9319 outsize=9321 ok=1
Cmd: preprocessCompute
  insize=6901 outsize=6903 ok=1
Cmd: compileComputeKernel
  api=4 insize=6903 outsize=1989 ok=1
Cmd: preprocessCompute
  insize=7450 outsize=7452 ok=1
Cmd: compileComputeKernel
  api=4 insize=7452 outsize=7885 ok=1
Cmd: preprocess
  insize=39293 outsize=634 ok=1
Cmd: preprocessCompute
  insize=7772 outsize=7774 ok=1
Cmd: preprocessCompute
  insize=9319 outsize=9321 ok=1
Cmd: preprocessCompute
  insize=6901 outsize=6903 ok=1
Cmd: preprocessCompute
  insize=7450 outsize=7452 ok=1
Cmd: preprocess
  insize=39293 outsize=634 ok=1
Cmd: preprocessCompute
  insize=7772 outsize=7774 ok=1
Cmd: preprocessCompute
  insize=9319 outsize=9321 ok=1
Cmd: preprocessCompute
  insize=6901 outsize=6903 ok=1
Cmd: preprocessCompute
  insize=7450 outsize=7452 ok=1
Cmd: preprocess
  insize=39293 outsize=634 ok=1
Cmd: preprocessCompute
  insize=7772 outsize=7774 ok=1
Cmd: preprocessCompute
  insize=9319 outsize=9321 ok=1
Cmd: preprocessCompute
  insize=6901 outsize=6903 ok=1
Cmd: preprocessCompute
  insize=7450 outsize=7452 ok=1
Cmd: preprocess
  insize=39293 outsize=634 ok=1
Cmd: preprocessCompute
  insize=7772 outsize=7774 ok=1
Cmd: preprocessCompute
  insize=9319 outsize=9321 ok=1
Cmd: preprocessCompute
  insize=6901 outsize=6903 ok=1
Cmd: preprocessCompute
  insize=7450 outsize=7452 ok=1
Cmd: preprocess
  insize=39293 outsize=634 ok=1
Cmd: preprocessCompute
  insize=7772 outsize=7774 ok=1
Cmd: preprocessCompute
  insize=9319 outsize=9321 ok=1
Cmd: preprocessCompute
  insize=6901 outsize=6903 ok=1
Cmd: preprocessCompute
  insize=7450 outsize=7452 ok=1
Cmd: preprocess
  insize=39293 outsize=634 ok=1
Cmd: preprocessCompute
  insize=7772 outsize=7774 ok=1
Cmd: preprocessCompute
  insize=9319 outsize=9321 ok=1
Cmd: preprocessCompute
  insize=6901 outsize=6903 ok=1
Cmd: preprocessCompute
  insize=7450 outsize=7452 ok=1
Cmd: preprocess
  insize=39293 outsize=634 ok=1
Cmd: preprocessCompute
  insize=7435 outsize=7437 ok=1
Cmd: compileComputeKernel
  api=4 insize=7437 outsize=2196 ok=1
Cmd: preprocessCompute
  insize=9363 outsize=9365 ok=1
Cmd: compileComputeKernel
  api=4 insize=9365 outsize=8480 ok=1
Cmd: preprocessCompute
  insize=6903 outsize=6905 ok=1
Cmd: compileComputeKernel
  api=4 insize=6905 outsize=1989 ok=1
Cmd: preprocessCompute
  insize=7450 outsize=7452 ok=1
Cmd: preprocess
  insize=39293 outsize=634 ok=1
Cmd: preprocessCompute
  insize=6639 outsize=6641 ok=1
Cmd: compileComputeKernel
  api=4 insize=6641 outsize=1805 ok=1
Cmd: preprocessCompute
  insize=9363 outsize=9365 ok=1
Cmd: preprocessCompute
  insize=6903 outsize=6905 ok=1
Cmd: preprocessCompute
  insize=7450 outsize=7452 ok=1
Cmd: preprocess
  insize=39293 outsize=634 ok=1
Cmd: preprocessCompute
  insize=7075 outsize=7077 ok=1
Cmd: compileComputeKernel
  api=4 insize=7077 outsize=1908 ok=1
Cmd: preprocessCompute
  insize=9363 outsize=9365 ok=1
Cmd: preprocessCompute
  insize=6903 outsize=6905 ok=1
Cmd: preprocessCompute
  insize=7450 outsize=7452 ok=1
Cmd: preprocess
  insize=39293 outsize=634 ok=1
Cmd: preprocessCompute
  insize=7075 outsize=7077 ok=1
Cmd: preprocessCompute
  insize=9363 outsize=9365 ok=1
Cmd: preprocessCompute
  insize=6903 outsize=6905 ok=1
Cmd: preprocessCompute
  insize=7450 outsize=7452 ok=1
Cmd: preprocess
  insize=39293 outsize=634 ok=1
Cmd: preprocessCompute
  insize=7075 outsize=7077 ok=1
Cmd: preprocessCompute
  insize=9363 outsize=9365 ok=1
Cmd: preprocessCompute
  insize=6903 outsize=6905 ok=1
Cmd: preprocessCompute
  insize=7450 outsize=7452 ok=1
Cmd: preprocess
  insize=39293 outsize=634 ok=1
Cmd: preprocessCompute
  insize=7075 outsize=7077 ok=1
Cmd: preprocessCompute
  insize=9363 outsize=9365 ok=1
Cmd: preprocessCompute
  insize=6903 outsize=6905 ok=1
Cmd: preprocessCompute
  insize=7450 outsize=7452 ok=1
Cmd: preprocess
  insize=39293 outsize=634 ok=1
Cmd: preprocessCompute
  insize=7075 outsize=7077 ok=1
Cmd: preprocessCompute
  insize=9363 outsize=9365 ok=1
Cmd: preprocessCompute
  insize=6903 outsize=6905 ok=1
Cmd: preprocessCompute
  insize=7450 outsize=7452 ok=1
Cmd: preprocess
  insize=39293 outsize=634 ok=1
Cmd: preprocessCompute
  insize=7075 outsize=7077 ok=1
Cmd: preprocessCompute
  insize=9363 outsize=9365 ok=1
Cmd: preprocessCompute
  insize=6903 outsize=6905 ok=1
Cmd: preprocessCompute
  insize=7450 outsize=7452 ok=1
Cmd: preprocess
  insize=39293 outsize=634 ok=1
Cmd: preprocessCompute
  insize=7075 outsize=7077 ok=1
Cmd: preprocessCompute
  insize=9363 outsize=9365 ok=1
Cmd: preprocessCompute
  insize=6903 outsize=6905 ok=1
Cmd: preprocessCompute
  insize=7450 outsize=7452 ok=1
Cmd: preprocess
  insize=39293 outsize=634 ok=1
Cmd: preprocessCompute
  insize=8158 outsize=8160 ok=1
Cmd: compileComputeKernel
  api=4 insize=8160 outsize=2581 ok=1
Cmd: preprocessCompute
  insize=9319 outsize=9321 ok=1
Cmd: compileComputeKernel
  api=4 insize=9321 outsize=8548 ok=1
Cmd: preprocessCompute
  insize=6901 outsize=6903 ok=1
Cmd: compileComputeKernel
  api=4 insize=6903 outsize=1985 ok=1
Cmd: preprocessCompute
  insize=7450 outsize=7452 ok=1
Cmd: preprocess
  insize=39293 outsize=634 ok=1
Cmd: preprocessCompute
  insize=8158 outsize=8160 ok=1
Cmd: preprocessCompute
  insize=9319 outsize=9321 ok=1
Cmd: preprocessCompute
  insize=6901 outsize=6903 ok=1
Cmd: preprocessCompute
  insize=7450 outsize=7452 ok=1
Cmd: preprocess
  insize=39293 outsize=634 ok=1
Cmd: preprocessCompute
  insize=8158 outsize=8160 ok=1
Cmd: preprocessCompute
  insize=9319 outsize=9321 ok=1
Cmd: preprocessCompute
  insize=6901 outsize=6903 ok=1
Cmd: preprocessCompute
  insize=7450 outsize=7452 ok=1
Cmd: preprocess
  insize=39293 outsize=634 ok=1
Cmd: preprocessCompute
  insize=8158 outsize=8160 ok=1
Cmd: preprocessCompute
  insize=9319 outsize=9321 ok=1
Cmd: preprocessCompute
  insize=6901 outsize=6903 ok=1
Cmd: preprocessCompute
  insize=7450 outsize=7452 ok=1
Cmd: preprocess
  insize=39293 outsize=634 ok=1
Cmd: preprocessCompute
  insize=8158 outsize=8160 ok=1
Cmd: preprocessCompute
  insize=9319 outsize=9321 ok=1
Cmd: preprocessCompute
  insize=6901 outsize=6903 ok=1
Cmd: preprocessCompute
  insize=7450 outsize=7452 ok=1
Cmd: preprocess
  insize=39293 outsize=634 ok=1
Cmd: preprocessCompute
  insize=8158 outsize=8160 ok=1
Cmd: preprocessCompute
  insize=9319 outsize=9321 ok=1
Cmd: preprocessCompute
  insize=6901 outsize=6903 ok=1
Cmd: preprocessCompute
  insize=7450 outsize=7452 ok=1
Cmd: preprocess
  insize=39293 outsize=634 ok=1
Cmd: preprocessCompute
  insize=8158 outsize=8160 ok=1
Cmd: preprocessCompute
  insize=9319 outsize=9321 ok=1
Cmd: preprocessCompute
  insize=6901 outsize=6903 ok=1
Cmd: preprocessCompute
  insize=7450 outsize=7452 ok=1
Cmd: preprocess
  insize=39293 outsize=634 ok=1
Cmd: preprocessCompute
  insize=8158 outsize=8160 ok=1
Cmd: compileComputeKernel
  api=4 insize=8160 outsize=2581 ok=1
Cmd: preprocessCompute
  insize=9319 outsize=9321 ok=1
Cmd: preprocessCompute
  insize=6901 outsize=6903 ok=1
Cmd: preprocessCompute
  insize=7450 outsize=7452 ok=1
Cmd: preprocess
  insize=39293 outsize=634 ok=1
Cmd: preprocessCompute
  insize=8158 outsize=8160 ok=1
Cmd: preprocessCompute
  insize=9319 outsize=9321 ok=1
Cmd: preprocessCompute
  insize=6901 outsize=6903 ok=1
Cmd: preprocessCompute
  insize=7450 outsize=7452 ok=1
Cmd: preprocess
  insize=39293 outsize=634 ok=1
Cmd: preprocessCompute
  insize=8158 outsize=8160 ok=1
Cmd: preprocessCompute
  insize=9319 outsize=9321 ok=1
Cmd: preprocessCompute
  insize=6901 outsize=6903 ok=1
Cmd: preprocessCompute
  insize=7450 outsize=7452 ok=1
Cmd: preprocess
  insize=39293 outsize=634 ok=1
Cmd: preprocessCompute
  insize=8158 outsize=8160 ok=1
Cmd: preprocessCompute
  insize=10667 outsize=10669 ok=1
Cmd: compileComputeKernel
  api=4 insize=10669 outsize=9683 ok=1
Cmd: preprocessCompute
  insize=6901 outsize=6903 ok=1
Cmd: preprocessCompute
  insize=7450 outsize=7452 ok=1
Cmd: preprocess
  insize=39293 outsize=634 ok=1
Cmd: preprocessCompute
  insize=8158 outsize=8160 ok=1
Cmd: preprocessCompute
  insize=10667 outsize=10669 ok=1
Cmd: preprocessCompute
  insize=6901 outsize=6903 ok=1
Cmd: preprocessCompute
  insize=7450 outsize=7452 ok=1
Cmd: preprocess
  insize=39293 outsize=634 ok=1
Cmd: preprocessCompute
  insize=8158 outsize=8160 ok=1
Cmd: preprocessCompute
  insize=10667 outsize=10669 ok=1
Cmd: preprocessCompute
  insize=6901 outsize=6903 ok=1
Cmd: preprocessCompute
  insize=7450 outsize=7452 ok=1
Cmd: preprocess
  insize=39293 outsize=634 ok=1
Cmd: preprocessCompute
  insize=8158 outsize=8160 ok=1
Cmd: preprocessCompute
  insize=10667 outsize=10669 ok=1
Cmd: preprocessCompute
  insize=6206 outsize=6208 ok=1
Cmd: compileComputeKernel
  api=4 insize=6208 outsize=1823 ok=1
Cmd: preprocessCompute
  insize=6616 outsize=6618 ok=1
Cmd: compileComputeKernel
  api=4 insize=6618 outsize=7302 ok=1
Cmd: preprocess
  insize=39089 outsize=635 ok=1
Cmd: preprocessCompute
  insize=8158 outsize=8160 ok=1
Cmd: preprocessCompute
  insize=10667 outsize=10669 ok=1
Cmd: preprocessCompute
  insize=7050 outsize=7052 ok=1
Cmd: compileComputeKernel
  api=4 insize=7052 outsize=1935 ok=1
Cmd: preprocessCompute
  insize=7450 outsize=7452 ok=1
Cmd: preprocess
  insize=39293 outsize=634 ok=1
Cmd: preprocessCompute
  insize=8158 outsize=8160 ok=1
Cmd: preprocessCompute
  insize=10667 outsize=10669 ok=1
Cmd: preprocessCompute
  insize=7054 outsize=7056 ok=1
Cmd: compileComputeKernel
  api=4 insize=7056 outsize=1879 ok=1
Cmd: preprocessCompute
  insize=7466 outsize=7468 ok=1
Cmd: compileComputeKernel
  api=4 insize=7468 outsize=7885 ok=1
Cmd: preprocess
  insize=37498 outsize=635 ok=1
Cmd: preprocessCompute
  insize=8158 outsize=8160 ok=1
Cmd: preprocessCompute
  insize=10667 outsize=10669 ok=1
Cmd: preprocessCompute
  insize=7054 outsize=7056 ok=1
Cmd: preprocessCompute
  insize=7466 outsize=7468 ok=1
Cmd: preprocess
  insize=38049 outsize=635 ok=1
Cmd: preprocessCompute
  insize=8158 outsize=8160 ok=1
Cmd: preprocessCompute
  insize=10667 outsize=10669 ok=1
Cmd: preprocessCompute
  insize=7054 outsize=7056 ok=1
Cmd: preprocessCompute
  insize=7466 outsize=7468 ok=1
Cmd: preprocess
  insize=38049 outsize=635 ok=1
Cmd: preprocessCompute
  insize=8158 outsize=8160 ok=1
Cmd: preprocessCompute
  insize=10667 outsize=10669 ok=1
Cmd: preprocessCompute
  insize=7224 outsize=7226 ok=1
Cmd: compileComputeKernel
  api=4 insize=7226 outsize=2273 ok=1
Cmd: preprocessCompute
  insize=7466 outsize=7468 ok=1
Cmd: preprocess
  insize=38721 outsize=634 ok=1
Cmd: preprocessCompute
  insize=8158 outsize=8160 ok=1
Cmd: preprocessCompute
  insize=10667 outsize=10669 ok=1
Cmd: preprocessCompute
  insize=7220 outsize=7222 ok=1
Cmd: compileComputeKernel
  api=4 insize=7222 outsize=2317 ok=1
Cmd: preprocessCompute
  insize=7450 outsize=7452 ok=1
Cmd: preprocess
  insize=40470 outsize=634 ok=1
Cmd: preprocessCompute
  insize=8158 outsize=8160 ok=1
Cmd: preprocessCompute
  insize=10667 outsize=10669 ok=1
Cmd: preprocessCompute
  insize=7220 outsize=7222 ok=1
Cmd: preprocessCompute
  insize=7450 outsize=7452 ok=1
Cmd: preprocess
  insize=40460 outsize=634 ok=1
Cmd: preprocessCompute
  insize=8158 outsize=8160 ok=1
Cmd: preprocessCompute
  insize=10667 outsize=10669 ok=1
Cmd: preprocessCompute
  insize=7220 outsize=7222 ok=1
Cmd: preprocessCompute
  insize=7450 outsize=7452 ok=1
Cmd: preprocess
  insize=40460 outsize=634 ok=1
Cmd: preprocessCompute
  insize=4855 outsize=4857 ok=1
Cmd: compileComputeKernel
  api=4 insize=4857 outsize=223 ok=1
Cmd: preprocessCompute
  insize=3525 outsize=3527 ok=1
Cmd: compileComputeKernel
  api=4 insize=3527 outsize=659 ok=1
Cmd: preprocess
  insize=37798 outsize=641 ok=1
Cmd: preprocessCompute
  insize=1936 outsize=1938 ok=1
Cmd: compileComputeKernel
  api=4 insize=1938 outsize=1006 ok=1
Cmd: preprocessCompute
  insize=8158 outsize=8160 ok=1
Cmd: preprocessCompute
  insize=10667 outsize=10669 ok=1
Cmd: preprocessCompute
  insize=7220 outsize=7222 ok=1
Cmd: preprocessCompute
  insize=7450 outsize=7452 ok=1
Cmd: preprocess
  insize=40460 outsize=634 ok=1
Cmd: preprocessCompute
  insize=4855 outsize=4857 ok=1
Cmd: preprocessCompute
  insize=3525 outsize=3527 ok=1
Cmd: preprocess
  insize=37798 outsize=641 ok=1
Cmd: preprocessCompute
  insize=1936 outsize=1938 ok=1
Cmd: preprocessCompute
  insize=8158 outsize=8160 ok=1
Cmd: preprocessCompute
  insize=10667 outsize=10669 ok=1
Cmd: preprocessCompute
  insize=7220 outsize=7222 ok=1
Cmd: preprocessCompute
  insize=7450 outsize=7452 ok=1
Cmd: preprocess
  insize=40460 outsize=634 ok=1
Cmd: preprocessCompute
  insize=5713 outsize=5715 ok=1
Cmd: compileComputeKernel
  api=4 insize=5715 outsize=1081 ok=1
Cmd: preprocessCompute
  insize=4948 outsize=4950 ok=1
Cmd: compileComputeKernel
  api=4 insize=4950 outsize=1260 ok=1
Cmd: preprocess
  insize=37986 outsize=643 ok=1
Cmd: preprocessCompute
  insize=1966 outsize=1968 ok=1
Cmd: compileComputeKernel
  api=4 insize=1968 outsize=1119 ok=1
Cmd: preprocessCompute
  insize=8158 outsize=8160 ok=1
Cmd: preprocessCompute
  insize=10667 outsize=10669 ok=1
Cmd: preprocessCompute
  insize=7220 outsize=7222 ok=1
Cmd: preprocessCompute
  insize=7450 outsize=7452 ok=1
Cmd: preprocess
  insize=40460 outsize=634 ok=1
Cmd: preprocessCompute
  insize=5713 outsize=5715 ok=1
Cmd: preprocessCompute
  insize=4948 outsize=4950 ok=1
Cmd: preprocess
  insize=38537 outsize=642 ok=1
Cmd: preprocessCompute
  insize=1966 outsize=1968 ok=1
Cmd: preprocessCompute
  insize=8158 outsize=8160 ok=1
Cmd: preprocessCompute
  insize=10667 outsize=10669 ok=1
Cmd: preprocessCompute
  insize=7220 outsize=7222 ok=1
Cmd: preprocessCompute
  insize=7450 outsize=7452 ok=1
Cmd: preprocess
  insize=40460 outsize=634 ok=1
Cmd: preprocessCompute
  insize=5713 outsize=5715 ok=1
Cmd: preprocessCompute
  insize=4948 outsize=4950 ok=1
Cmd: preprocess
  insize=38537 outsize=642 ok=1
Cmd: preprocessCompute
  insize=1966 outsize=1968 ok=1
Cmd: preprocessCompute
  insize=8158 outsize=8160 ok=1
Cmd: preprocessCompute
  insize=10667 outsize=10669 ok=1
Cmd: preprocessCompute
  insize=7220 outsize=7222 ok=1
Cmd: preprocessCompute
  insize=7450 outsize=7452 ok=1
Cmd: preprocess
  insize=40460 outsize=634 ok=1
Cmd: preprocessCompute
  insize=5713 outsize=5715 ok=1
Cmd: preprocessCompute
  insize=4948 outsize=4950 ok=1
Cmd: preprocess
  insize=39016 outsize=642 ok=1
Cmd: preprocessCompute
  insize=1966 outsize=1968 ok=1
Cmd: preprocessCompute
  insize=8158 outsize=8160 ok=1
Cmd: preprocessCompute
  insize=10667 outsize=10669 ok=1
Cmd: preprocessCompute
  insize=7220 outsize=7222 ok=1
Cmd: preprocessCompute
  insize=7450 outsize=7452 ok=1
Cmd: preprocess
  insize=40460 outsize=634 ok=1
Cmd: preprocessCompute
  insize=5713 outsize=5715 ok=1
Cmd: preprocessCompute
  insize=4948 outsize=4950 ok=1
Cmd: preprocess
  insize=39016 outsize=642 ok=1
Cmd: preprocessCompute
  insize=1966 outsize=1968 ok=1
Cmd: preprocessCompute
  insize=8158 outsize=8160 ok=1
Cmd: preprocessCompute
  insize=10667 outsize=10669 ok=1
Cmd: preprocessCompute
  insize=7220 outsize=7222 ok=1
Cmd: preprocessCompute
  insize=7450 outsize=7452 ok=1
Cmd: preprocess
  insize=40460 outsize=634 ok=1
Cmd: preprocessCompute
  insize=5713 outsize=5715 ok=1
Cmd: preprocessCompute
  insize=4948 outsize=4950 ok=1
Cmd: preprocess
  insize=39016 outsize=642 ok=1
Cmd: preprocessCompute
  insize=1966 outsize=1968 ok=1
Cmd: preprocessCompute
  insize=8158 outsize=8160 ok=1
Cmd: preprocessCompute
  insize=10667 outsize=10669 ok=1
Cmd: preprocessCompute
  insize=7220 outsize=7222 ok=1
Cmd: preprocessCompute
  insize=7450 outsize=7452 ok=1
Cmd: preprocess
  insize=40460 outsize=634 ok=1
Cmd: preprocessCompute
  insize=5713 outsize=5715 ok=1
Cmd: preprocessCompute
  insize=4948 outsize=4950 ok=1
Cmd: preprocess
  insize=39016 outsize=642 ok=1
Cmd: preprocessCompute
  insize=1966 outsize=1968 ok=1
Cmd: preprocessCompute
  insize=8158 outsize=8160 ok=1
Cmd: preprocessCompute
  insize=10667 outsize=10669 ok=1
Cmd: preprocessCompute
  insize=7220 outsize=7222 ok=1
Cmd: preprocessCompute
  insize=7450 outsize=7452 ok=1
Cmd: preprocess
  insize=40460 outsize=634 ok=1
Cmd: preprocessCompute
  insize=5713 outsize=5715 ok=1
Cmd: preprocessCompute
  insize=4916 outsize=4918 ok=1
Cmd: compileComputeKernel
  api=4 insize=4918 outsize=1154 ok=1
Cmd: preprocess
  insize=38935 outsize=630 ok=1
Cmd: preprocessCompute
  insize=8158 outsize=8160 ok=1
Cmd: preprocessCompute
  insize=10667 outsize=10669 ok=1
Cmd: preprocessCompute
  insize=7220 outsize=7222 ok=1
Cmd: preprocessCompute
  insize=7450 outsize=7452 ok=1
Cmd: preprocess
  insize=40460 outsize=634 ok=1
Cmd: preprocessCompute
  insize=5712 outsize=5714 ok=1
Cmd: compileComputeKernel
  api=4 insize=5714 outsize=1065 ok=1
Cmd: preprocessCompute
  insize=4912 outsize=4914 ok=1
Cmd: compileComputeKernel
  api=4 insize=4914 outsize=1210 ok=1
Cmd: preprocess
  insize=40859 outsize=629 ok=1
Cmd: preprocessCompute
  insize=8158 outsize=8160 ok=1
Cmd: preprocessCompute
  insize=10667 outsize=10669 ok=1
Cmd: preprocessCompute
  insize=7220 outsize=7222 ok=1
Cmd: preprocessCompute
  insize=7450 outsize=7452 ok=1
Cmd: preprocess
  insize=40460 outsize=634 ok=1
Cmd: preprocessCompute
  insize=5712 outsize=5714 ok=1
Cmd: preprocessCompute
  insize=4912 outsize=4914 ok=1
Cmd: preprocess
  insize=40859 outsize=629 ok=1
Cmd: preprocessCompute
  insize=6570 outsize=6572 ok=1
Cmd: preprocessCompute
  insize=5856 outsize=5858 ok=1
Cmd: preprocess
  insize=42343 outsize=643 ok=1
Cmd: preprocessCompute
  insize=2008 outsize=2010 ok=1
Cmd: preprocessCompute
  insize=8158 outsize=8160 ok=1
Cmd: preprocessCompute
  insize=10667 outsize=10669 ok=1
Cmd: preprocessCompute
  insize=7220 outsize=7222 ok=1
Cmd: preprocessCompute
  insize=7450 outsize=7452 ok=1
Cmd: preprocess
  insize=40460 outsize=634 ok=1
Cmd: preprocessCompute
  insize=5712 outsize=5714 ok=1
Cmd: preprocessCompute
  insize=4912 outsize=4914 ok=1
Cmd: preprocess
  insize=40859 outsize=629 ok=1
Cmd: preprocessCompute
  insize=6568 outsize=6570 ok=1
Cmd: compileComputeKernel
  api=4 insize=6570 outsize=2195 ok=1
Cmd: preprocessCompute
  insize=5816 outsize=5818 ok=1
Cmd: compileComputeKernel
  api=4 insize=5818 outsize=1402 ok=1
Cmd: preprocess
  insize=42254 outsize=630 ok=1
Cmd: preprocessCompute
  insize=8158 outsize=8160 ok=1
Cmd: preprocessCompute
  insize=10667 outsize=10669 ok=1
Cmd: preprocessCompute
  insize=7220 outsize=7222 ok=1
Cmd: preprocessCompute
  insize=7450 outsize=7452 ok=1
Cmd: preprocess
  insize=40460 outsize=634 ok=1
Cmd: preprocessCompute
  insize=5712 outsize=5714 ok=1
Cmd: preprocessCompute
  insize=4912 outsize=4914 ok=1
Cmd: preprocess
  insize=40859 outsize=629 ok=1
Cmd: preprocessCompute
  insize=7681 outsize=7683 ok=1
Cmd: compileComputeKernel
  api=4 insize=7683 outsize=2828 ok=1
Cmd: preprocessCompute
  insize=5816 outsize=5818 ok=1
Cmd: preprocess
  insize=42254 outsize=630 ok=1
Cmd: preprocessCompute
  insize=8158 outsize=8160 ok=1
Cmd: preprocessCompute
  insize=10667 outsize=10669 ok=1
Cmd: preprocessCompute
  insize=7220 outsize=7222 ok=1
Cmd: preprocessCompute
  insize=7450 outsize=7452 ok=1
Cmd: preprocess
  insize=40460 outsize=634 ok=1
Cmd: preprocessCompute
  insize=5712 outsize=5714 ok=1
Cmd: preprocessCompute
  insize=4912 outsize=4914 ok=1
Cmd: preprocess
  insize=40859 outsize=629 ok=1
Cmd: preprocessCompute
  insize=7681 outsize=7683 ok=1
Cmd: preprocessCompute
  insize=5816 outsize=5818 ok=1
Cmd: preprocess
  insize=42254 outsize=630 ok=1
Cmd: preprocessCompute
  insize=8158 outsize=8160 ok=1
Cmd: preprocessCompute
  insize=10667 outsize=10669 ok=1
Cmd: preprocessCompute
  insize=7220 outsize=7222 ok=1
Cmd: preprocessCompute
  insize=7450 outsize=7452 ok=1
Cmd: preprocess
  insize=40460 outsize=634 ok=1
Cmd: preprocessCompute
  insize=5712 outsize=5714 ok=1
Cmd: preprocessCompute
  insize=4912 outsize=4914 ok=1
Cmd: preprocess
  insize=40859 outsize=629 ok=1
Cmd: preprocessCompute
  insize=7697 outsize=7699 ok=1
Cmd: compileComputeKernel
  api=4 insize=7699 outsize=2828 ok=1
Cmd: preprocessCompute
  insize=5872 outsize=5874 ok=1
Cmd: compileComputeKernel
  api=4 insize=5874 outsize=1402 ok=1
Cmd: preprocess
  insize=42326 outsize=630 ok=1
Cmd: preprocessCompute
  insize=8158 outsize=8160 ok=1
Cmd: preprocessCompute
  insize=10667 outsize=10669 ok=1
Cmd: preprocessCompute
  insize=7220 outsize=7222 ok=1
Cmd: preprocessCompute
  insize=7450 outsize=7452 ok=1
Cmd: preprocess
  insize=40460 outsize=634 ok=1
Cmd: preprocessCompute
  insize=5712 outsize=5714 ok=1
Cmd: preprocessCompute
  insize=4912 outsize=4914 ok=1
Cmd: preprocess
  insize=40859 outsize=629 ok=1
Cmd: preprocessCompute
  insize=7697 outsize=7699 ok=1
Cmd: preprocessCompute
  insize=5872 outsize=5874 ok=1
Cmd: preprocess
  insize=42326 outsize=630 ok=1
Cmd: preprocessCompute
  insize=8158 outsize=8160 ok=1
Cmd: preprocessCompute
  insize=10667 outsize=10669 ok=1
Cmd: preprocessCompute
  insize=7220 outsize=7222 ok=1
Cmd: preprocessCompute
  insize=7450 outsize=7452 ok=1
Cmd: preprocess
  insize=40460 outsize=634 ok=1
Cmd: preprocessCompute
  insize=5712 outsize=5714 ok=1
Cmd: preprocessCompute
  insize=4912 outsize=4914 ok=1
Cmd: preprocess
  insize=40859 outsize=629 ok=1
Cmd: preprocessCompute
  insize=7697 outsize=7699 ok=1
Cmd: preprocessCompute
  insize=5872 outsize=5874 ok=1
Cmd: preprocess
  insize=42326 outsize=630 ok=1
Cmd: preprocessCompute
  insize=8158 outsize=8160 ok=1
Cmd: preprocessCompute
  insize=10667 outsize=10669 ok=1
Cmd: preprocessCompute
  insize=7220 outsize=7222 ok=1
Cmd: preprocessCompute
  insize=7450 outsize=7452 ok=1
Cmd: preprocess
  insize=40460 outsize=634 ok=1
Cmd: preprocessCompute
  insize=5712 outsize=5714 ok=1
Cmd: preprocessCompute
  insize=4912 outsize=4914 ok=1
Cmd: preprocess
  insize=40859 outsize=629 ok=1
Cmd: preprocessCompute
  insize=7697 outsize=7699 ok=1
Cmd: preprocessCompute
  insize=5872 outsize=5874 ok=1
Cmd: preprocess
  insize=42326 outsize=630 ok=1
Cmd: preprocessCompute
  insize=8158 outsize=8160 ok=1
Cmd: preprocessCompute
  insize=10667 outsize=10669 ok=1
Cmd: preprocessCompute
  insize=7220 outsize=7222 ok=1
Cmd: preprocessCompute
  insize=7450 outsize=7452 ok=1
Cmd: preprocess
  insize=40460 outsize=634 ok=1
Cmd: preprocessCompute
  insize=5712 outsize=5714 ok=1
Cmd: preprocessCompute
  insize=4912 outsize=4914 ok=1
Cmd: preprocess
  insize=40859 outsize=629 ok=1
Cmd: preprocessCompute
  insize=7697 outsize=7699 ok=1
Cmd: preprocessCompute
  insize=5872 outsize=5874 ok=1
Cmd: preprocess
  insize=41365 outsize=630 ok=1
Cmd: preprocessCompute
  insize=8158 outsize=8160 ok=1
Cmd: preprocessCompute
  insize=10667 outsize=10669 ok=1
Cmd: preprocessCompute
  insize=7220 outsize=7222 ok=1
Cmd: preprocessCompute
  insize=7450 outsize=7452 ok=1
Cmd: preprocess
  insize=40460 outsize=634 ok=1
Cmd: preprocessCompute
  insize=5712 outsize=5714 ok=1
Cmd: preprocessCompute
  insize=4912 outsize=4914 ok=1
Cmd: preprocess
  insize=40859 outsize=629 ok=1
Cmd: preprocessCompute
  insize=7697 outsize=7699 ok=1
Cmd: preprocessCompute
  insize=5872 outsize=5874 ok=1
Cmd: preprocess
  insize=41847 outsize=630 ok=1
Cmd: preprocessCompute
  insize=8158 outsize=8160 ok=1
Cmd: preprocessCompute
  insize=10667 outsize=10669 ok=1
Cmd: preprocessCompute
  insize=7220 outsize=7222 ok=1
Cmd: preprocessCompute
  insize=7450 outsize=7452 ok=1
Cmd: preprocess
  insize=40460 outsize=634 ok=1
Cmd: preprocessCompute
  insize=5712 outsize=5714 ok=1
Cmd: preprocessCompute
  insize=4912 outsize=4914 ok=1
Cmd: preprocess
  insize=40859 outsize=629 ok=1
Cmd: preprocessCompute
  insize=7892 outsize=7894 ok=1
Cmd: compileComputeKernel
  api=4 insize=7894 outsize=2856 ok=1
Cmd: preprocessCompute
  insize=5872 outsize=5874 ok=1
Cmd: preprocess
  insize=42693 outsize=630 ok=1
Cmd: preprocessCompute
  insize=8158 outsize=8160 ok=1
Cmd: preprocessCompute
  insize=10667 outsize=10669 ok=1
Cmd: preprocessCompute
  insize=7220 outsize=7222 ok=1
Cmd: preprocessCompute
  insize=7450 outsize=7452 ok=1
Cmd: preprocess
  insize=40460 outsize=634 ok=1
Cmd: preprocessCompute
  insize=5712 outsize=5714 ok=1
Cmd: preprocessCompute
  insize=4912 outsize=4914 ok=1
Cmd: preprocess
  insize=40859 outsize=629 ok=1
Cmd: preprocessCompute
  insize=7887 outsize=7889 ok=1
Cmd: compileComputeKernel
  api=4 insize=7889 outsize=2828 ok=1
Cmd: preprocessCompute
  insize=5862 outsize=5864 ok=1
Cmd: compileComputeKernel
  api=4 insize=5864 outsize=1406 ok=1
Cmd: preprocess
  insize=40768 outsize=629 ok=1
Cmd: preprocessCompute
  insize=8158 outsize=8160 ok=1
Cmd: preprocessCompute
  insize=10667 outsize=10669 ok=1
Cmd: preprocessCompute
  insize=7220 outsize=7222 ok=1
Cmd: preprocessCompute
  insize=7450 outsize=7452 ok=1
Cmd: preprocess
  insize=40460 outsize=634 ok=1
Cmd: preprocessCompute
  insize=5712 outsize=5714 ok=1
Cmd: preprocessCompute
  insize=4912 outsize=4914 ok=1
Cmd: preprocess
  insize=40859 outsize=629 ok=1
Cmd: preprocessCompute
  insize=7887 outsize=7889 ok=1
Cmd: preprocessCompute
  insize=5862 outsize=5864 ok=1
Cmd: preprocess
  insize=41271 outsize=629 ok=1
Cmd: preprocessCompute
  insize=8158 outsize=8160 ok=1
Cmd: preprocessCompute
  insize=10667 outsize=10669 ok=1
Cmd: preprocessCompute
  insize=7220 outsize=7222 ok=1
Cmd: preprocessCompute
  insize=7450 outsize=7452 ok=1
Cmd: preprocess
  insize=40460 outsize=634 ok=1
Cmd: preprocessCompute
  insize=5712 outsize=5714 ok=1
Cmd: preprocessCompute
  insize=4912 outsize=4914 ok=1
Cmd: preprocess
  insize=40859 outsize=629 ok=1
Cmd: preprocessCompute
  insize=7887 outsize=7889 ok=1
Cmd: preprocessCompute
  insize=5862 outsize=5864 ok=1
Cmd: preprocess
  insize=41271 outsize=629 ok=1
Cmd: preprocessCompute
  insize=8158 outsize=8160 ok=1
Cmd: preprocessCompute
  insize=10667 outsize=10669 ok=1
Cmd: preprocessCompute
  insize=7220 outsize=7222 ok=1
Cmd: preprocessCompute
  insize=7450 outsize=7452 ok=1
Cmd: preprocess
  insize=40460 outsize=634 ok=1
Cmd: preprocessCompute
  insize=5712 outsize=5714 ok=1
Cmd: preprocessCompute
  insize=4912 outsize=4914 ok=1
Cmd: preprocess
  insize=40859 outsize=629 ok=1
Cmd: preprocessCompute
  insize=7887 outsize=7889 ok=1
Cmd: compileComputeKernel
  api=4 insize=7889 outsize=2884 ok=1
Cmd: preprocessCompute
  insize=7374 outsize=7376 ok=1
Cmd: compileComputeKernel
  api=4 insize=7376 outsize=5153 ok=1
Cmd: preprocess
  insize=41271 outsize=630 ok=1
Cmd: preprocessCompute
  insize=8158 outsize=8160 ok=1
Cmd: preprocessCompute
  insize=10667 outsize=10669 ok=1
Cmd: preprocessCompute
  insize=7220 outsize=7222 ok=1
Cmd: preprocessCompute
  insize=7450 outsize=7452 ok=1
Cmd: preprocess
  insize=40460 outsize=634 ok=1
Cmd: preprocessCompute
  insize=5712 outsize=5714 ok=1
Cmd: preprocessCompute
  insize=4912 outsize=4914 ok=1
Cmd: preprocess
  insize=40859 outsize=629 ok=1
Cmd: preprocessCompute
  insize=7887 outsize=7889 ok=1
Cmd: preprocessCompute
  insize=8722 outsize=8724 ok=1
Cmd: compileComputeKernel
  api=4 insize=8724 outsize=6320 ok=1
Cmd: preprocess
  insize=41271 outsize=630 ok=1
Cmd: preprocessCompute
  insize=8158 outsize=8160 ok=1
Cmd: preprocessCompute
  insize=10667 outsize=10669 ok=1
Cmd: preprocessCompute
  insize=7220 outsize=7222 ok=1
Cmd: preprocessCompute
  insize=7450 outsize=7452 ok=1
Cmd: preprocess
  insize=40460 outsize=634 ok=1
Cmd: preprocessCompute
  insize=5712 outsize=5714 ok=1
Cmd: preprocessCompute
  insize=4912 outsize=4914 ok=1
Cmd: preprocess
  insize=40859 outsize=629 ok=1
Cmd: preprocessCompute
  insize=7887 outsize=7889 ok=1
Cmd: preprocessCompute
  insize=8722 outsize=8724 ok=1
Cmd: preprocess
  insize=41271 outsize=630 ok=1
Cmd: preprocessCompute
  insize=8158 outsize=8160 ok=1
Cmd: preprocessCompute
  insize=10667 outsize=10669 ok=1
Cmd: preprocessCompute
  insize=7220 outsize=7222 ok=1
Cmd: preprocessCompute
  insize=7450 outsize=7452 ok=1
Cmd: preprocess
  insize=40460 outsize=634 ok=1
Cmd: preprocessCompute
  insize=5712 outsize=5714 ok=1
Cmd: preprocessCompute
  insize=4912 outsize=4914 ok=1
Cmd: preprocess
  insize=40859 outsize=629 ok=1
Cmd: preprocessCompute
  insize=7887 outsize=7889 ok=1
Cmd: preprocessCompute
  insize=9334 outsize=9336 ok=1
Cmd: compileComputeKernel
  api=4 insize=9336 outsize=8139 ok=1
Cmd: preprocess
  insize=41271 outsize=630 ok=1
Cmd: preprocessCompute
  insize=8158 outsize=8160 ok=1
Cmd: preprocessCompute
  insize=10667 outsize=10669 ok=1
Cmd: preprocessCompute
  insize=7220 outsize=7222 ok=1
Cmd: preprocessCompute
  insize=7450 outsize=7452 ok=1
Cmd: preprocess
  insize=40460 outsize=634 ok=1
Cmd: preprocessCompute
  insize=5712 outsize=5714 ok=1
Cmd: preprocessCompute
  insize=4912 outsize=4914 ok=1
Cmd: preprocess
  insize=40859 outsize=629 ok=1
Cmd: preprocessCompute
  insize=7887 outsize=7889 ok=1
Cmd: preprocessCompute
  insize=9372 outsize=9374 ok=1
Cmd: compileComputeKernel
  api=4 insize=9374 outsize=8342 ok=1
Cmd: preprocess
  insize=41271 outsize=630 ok=1
Cmd: preprocessCompute
  insize=8158 outsize=8160 ok=1
Cmd: preprocessCompute
  insize=10667 outsize=10669 ok=1
Cmd: preprocessCompute
  insize=7220 outsize=7222 ok=1
Cmd: preprocessCompute
  insize=7450 outsize=7452 ok=1
Cmd: preprocess
  insize=40460 outsize=634 ok=1
Cmd: preprocessCompute
  insize=5712 outsize=5714 ok=1
Cmd: preprocessCompute
  insize=4912 outsize=4914 ok=1
Cmd: preprocess
  insize=40859 outsize=629 ok=1
Cmd: preprocessCompute
  insize=7887 outsize=7889 ok=1
Cmd: preprocessCompute
  insize=9661 outsize=9663 ok=1
Cmd: compileComputeKernel
  api=4 insize=9663 outsize=8423 ok=1
Cmd: preprocess
  insize=41271 outsize=630 ok=1
Cmd: preprocessCompute
  insize=8158 outsize=8160 ok=1
Cmd: preprocessCompute
  insize=10667 outsize=10669 ok=1
Cmd: preprocessCompute
  insize=7220 outsize=7222 ok=1
Cmd: preprocessCompute
  insize=7450 outsize=7452 ok=1
Cmd: preprocess
  insize=40460 outsize=634 ok=1
Cmd: preprocessCompute
  insize=5712 outsize=5714 ok=1
Cmd: preprocessCompute
  insize=4912 outsize=4914 ok=1
Cmd: preprocess
  insize=40859 outsize=629 ok=1
Cmd: preprocessCompute
  insize=7887 outsize=7889 ok=1
Cmd: preprocessCompute
  insize=9700 outsize=9702 ok=1
Cmd: compileComputeKernel
  api=4 insize=9702 outsize=8334 ok=1
Cmd: preprocess
  insize=41271 outsize=630 ok=1
Cmd: preprocessCompute
  insize=8158 outsize=8160 ok=1
Cmd: preprocessCompute
  insize=10667 outsize=10669 ok=1
Cmd: preprocessCompute
  insize=7220 outsize=7222 ok=1
Cmd: preprocessCompute
  insize=7450 outsize=7452 ok=1
Cmd: preprocess
  insize=40460 outsize=634 ok=1
Cmd: preprocessCompute
  insize=5712 outsize=5714 ok=1
Cmd: preprocessCompute
  insize=4912 outsize=4914 ok=1
Cmd: preprocess
  insize=40859 outsize=629 ok=1
Cmd: preprocessCompute
  insize=7887 outsize=7889 ok=1
Cmd: preprocessCompute
  insize=9700 outsize=9702 ok=1
Cmd: preprocess
  insize=41271 outsize=630 ok=1
Cmd: preprocessCompute
  insize=8158 outsize=8160 ok=1
Cmd: preprocessCompute
  insize=10667 outsize=10669 ok=1
Cmd: preprocessCompute
  insize=7220 outsize=7222 ok=1
Cmd: preprocessCompute
  insize=7450 outsize=7452 ok=1
Cmd: preprocess
  insize=40460 outsize=634 ok=1
Cmd: preprocessCompute
  insize=5712 outsize=5714 ok=1
Cmd: preprocessCompute
  insize=4912 outsize=4914 ok=1
Cmd: preprocess
  insize=40859 outsize=629 ok=1
Cmd: preprocessCompute
  insize=7887 outsize=7889 ok=1
Cmd: preprocessCompute
  insize=10128 outsize=10130 ok=1
Cmd: compileComputeKernel
  api=4 insize=10130 outsize=8622 ok=1
Cmd: preprocess
  insize=41271 outsize=630 ok=1
Cmd: preprocessCompute
  insize=8158 outsize=8160 ok=1
Cmd: preprocessCompute
  insize=10667 outsize=10669 ok=1
Cmd: preprocessCompute
  insize=7220 outsize=7222 ok=1
Cmd: preprocessCompute
  insize=7450 outsize=7452 ok=1
Cmd: preprocess
  insize=40460 outsize=634 ok=1
Cmd: preprocessCompute
  insize=5712 outsize=5714 ok=1
Cmd: preprocessCompute
  insize=4912 outsize=4914 ok=1
Cmd: preprocess
  insize=40859 outsize=629 ok=1
Cmd: preprocessCompute
  insize=7887 outsize=7889 ok=1
Cmd: preprocessCompute
  insize=10128 outsize=10130 ok=1
Cmd: compileComputeKernel
  api=4 insize=10130 outsize=8578 ok=1
Cmd: preprocess
  insize=41271 outsize=630 ok=1
Cmd: preprocessCompute
  insize=8158 outsize=8160 ok=1
Cmd: preprocessCompute
  insize=10667 outsize=10669 ok=1
Cmd: preprocessCompute
  insize=7220 outsize=7222 ok=1
Cmd: preprocessCompute
  insize=7450 outsize=7452 ok=1
Cmd: preprocess
  insize=40460 outsize=634 ok=1
Cmd: preprocessCompute
  insize=5712 outsize=5714 ok=1
Cmd: preprocessCompute
  insize=4912 outsize=4914 ok=1
Cmd: preprocess
  insize=40859 outsize=629 ok=1
Cmd: preprocessCompute
  insize=7887 outsize=7889 ok=1
Cmd: preprocessCompute
  insize=11543 outsize=11545 ok=1
Cmd: compileComputeKernel
  api=4 insize=11545 outsize=12111 ok=1
Cmd: preprocess
  insize=41271 outsize=630 ok=1
Cmd: preprocessCompute
  insize=8158 outsize=8160 ok=1
Cmd: preprocessCompute
  insize=10667 outsize=10669 ok=1
Cmd: preprocessCompute
  insize=7220 outsize=7222 ok=1
Cmd: preprocessCompute
  insize=7450 outsize=7452 ok=1
Cmd: preprocess
  insize=40460 outsize=634 ok=1
Cmd: preprocessCompute
  insize=5712 outsize=5714 ok=1
Cmd: preprocessCompute
  insize=4912 outsize=4914 ok=1
Cmd: preprocess
  insize=40859 outsize=629 ok=1
Cmd: preprocessCompute
  insize=7887 outsize=7889 ok=1
Cmd: preprocessCompute
  insize=11581 outsize=11583 ok=1
Cmd: compileComputeKernel
  api=4 insize=11583 outsize=12326 ok=1
Cmd: preprocess
  insize=41271 outsize=630 ok=1
Cmd: preprocessCompute
  insize=8158 outsize=8160 ok=1
Cmd: preprocessCompute
  insize=10667 outsize=10669 ok=1
Cmd: preprocessCompute
  insize=7220 outsize=7222 ok=1
Cmd: preprocessCompute
  insize=7450 outsize=7452 ok=1
Cmd: preprocess
  insize=40460 outsize=634 ok=1
Cmd: preprocessCompute
  insize=5712 outsize=5714 ok=1
Cmd: preprocessCompute
  insize=4912 outsize=4914 ok=1
Cmd: preprocess
  insize=40859 outsize=629 ok=1
Cmd: preprocessCompute
  insize=7887 outsize=7889 ok=1
Cmd: preprocessCompute
  insize=11581 outsize=11583 ok=1
Cmd: preprocess
  insize=41271 outsize=630 ok=1
Cmd: preprocessCompute
  insize=8158 outsize=8160 ok=1
Cmd: preprocessCompute
  insize=10667 outsize=10669 ok=1
Cmd: preprocessCompute
  insize=7220 outsize=7222 ok=1
Cmd: preprocessCompute
  insize=7450 outsize=7452 ok=1
Cmd: preprocess
  insize=40460 outsize=634 ok=1
Cmd: preprocessCompute
  insize=5712 outsize=5714 ok=1
Cmd: preprocessCompute
  insize=4912 outsize=4914 ok=1
Cmd: preprocess
  insize=40859 outsize=629 ok=1
Cmd: preprocessCompute
  insize=7887 outsize=7889 ok=1
Cmd: preprocessCompute
  insize=11581 outsize=11583 ok=1
Cmd: preprocess
  insize=41271 outsize=630 ok=1
Cmd: preprocessCompute
  insize=8158 outsize=8160 ok=1
Cmd: preprocessCompute
  insize=10667 outsize=10669 ok=1
Cmd: preprocessCompute
  insize=7220 outsize=7222 ok=1
Cmd: preprocessCompute
  insize=7450 outsize=7452 ok=1
Cmd: preprocess
  insize=40460 outsize=634 ok=1
Cmd: preprocessCompute
  insize=5712 outsize=5714 ok=1
Cmd: preprocessCompute
  insize=4912 outsize=4914 ok=1
Cmd: preprocess
  insize=40859 outsize=629 ok=1
Cmd: preprocessCompute
  insize=7887 outsize=7889 ok=1
Cmd: preprocessCompute
  insize=11581 outsize=11583 ok=1
Cmd: preprocess
  insize=41271 outsize=630 ok=1
Cmd: preprocessCompute
  insize=8158 outsize=8160 ok=1
Cmd: preprocessCompute
  insize=10667 outsize=10669 ok=1
Cmd: preprocessCompute
  insize=7220 outsize=7222 ok=1
Cmd: preprocessCompute
  insize=7450 outsize=7452 ok=1
Cmd: preprocess
  insize=40460 outsize=634 ok=1
Cmd: preprocessCompute
  insize=5712 outsize=5714 ok=1
Cmd: preprocessCompute
  insize=4912 outsize=4914 ok=1
Cmd: preprocess
  insize=40859 outsize=629 ok=1
Cmd: preprocessCompute
  insize=7887 outsize=7889 ok=1
Cmd: preprocessCompute
  insize=11581 outsize=11583 ok=1
Cmd: preprocess
  insize=41271 outsize=630 ok=1
Cmd: preprocessCompute
  insize=8158 outsize=8160 ok=1
Cmd: preprocessCompute
  insize=10667 outsize=10669 ok=1
Cmd: preprocessCompute
  insize=7220 outsize=7222 ok=1
Cmd: preprocessCompute
  insize=7450 outsize=7452 ok=1
Cmd: preprocess
  insize=40460 outsize=634 ok=1
Cmd: preprocessCompute
  insize=5712 outsize=5714 ok=1
Cmd: preprocessCompute
  insize=4912 outsize=4914 ok=1
Cmd: preprocess
  insize=40859 outsize=629 ok=1
Cmd: preprocessCompute
  insize=7887 outsize=7889 ok=1
Cmd: preprocessCompute
  insize=11581 outsize=11583 ok=1
Cmd: preprocess
  insize=41271 outsize=630 ok=1
Cmd: preprocessCompute
  insize=8158 outsize=8160 ok=1
Cmd: preprocessCompute
  insize=10667 outsize=10669 ok=1
Cmd: preprocessCompute
  insize=7220 outsize=7222 ok=1
Cmd: preprocessCompute
  insize=7450 outsize=7452 ok=1
Cmd: preprocess
  insize=40460 outsize=634 ok=1
Cmd: preprocessCompute
  insize=5712 outsize=5714 ok=1
Cmd: preprocessCompute
  insize=4912 outsize=4914 ok=1
Cmd: preprocess
  insize=40859 outsize=629 ok=1
Cmd: preprocessCompute
  insize=7887 outsize=7889 ok=1
Cmd: preprocessCompute
  insize=11581 outsize=11583 ok=1
Cmd: preprocess
  insize=41271 outsize=630 ok=1
Cmd: preprocessCompute
  insize=8158 outsize=8160 ok=1
Cmd: preprocessCompute
  insize=10667 outsize=10669 ok=1
Cmd: preprocessCompute
  insize=7220 outsize=7222 ok=1
Cmd: preprocessCompute
  insize=7450 outsize=7452 ok=1
Cmd: preprocess
  insize=40460 outsize=634 ok=1
Cmd: preprocessCompute
  insize=5712 outsize=5714 ok=1
Cmd: preprocessCompute
  insize=4912 outsize=4914 ok=1
Cmd: preprocess
  insize=40859 outsize=629 ok=1
Cmd: preprocessCompute
  insize=7887 outsize=7889 ok=1
Cmd: preprocessCompute
  insize=11581 outsize=11583 ok=1
Cmd: preprocess
  insize=41271 outsize=630 ok=1
Cmd: preprocessCompute
  insize=8158 outsize=8160 ok=1
Cmd: preprocessCompute
  insize=10667 outsize=10669 ok=1
Cmd: preprocessCompute
  insize=7220 outsize=7222 ok=1
Cmd: preprocessCompute
  insize=7450 outsize=7452 ok=1
Cmd: preprocess
  insize=40460 outsize=634 ok=1
Cmd: preprocessCompute
  insize=5712 outsize=5714 ok=1
Cmd: preprocessCompute
  insize=4912 outsize=4914 ok=1
Cmd: preprocess
  insize=40859 outsize=629 ok=1
Cmd: preprocessCompute
  insize=7887 outsize=7889 ok=1
Cmd: preprocessCompute
  insize=11581 outsize=11583 ok=1
Cmd: preprocess
  insize=41271 outsize=630 ok=1
Cmd: preprocessCompute
  insize=8158 outsize=8160 ok=1
Cmd: preprocessCompute
  insize=10667 outsize=10669 ok=1
Cmd: preprocessCompute
  insize=7220 outsize=7222 ok=1
Cmd: preprocessCompute
  insize=7450 outsize=7452 ok=1
Cmd: preprocess
  insize=40460 outsize=634 ok=1
Cmd: preprocessCompute
  insize=5712 outsize=5714 ok=1
Cmd: preprocessCompute
  insize=4912 outsize=4914 ok=1
Cmd: preprocess
  insize=40859 outsize=629 ok=1
Cmd: preprocessCompute
  insize=7887 outsize=7889 ok=1
Cmd: preprocessCompute
  insize=11581 outsize=11583 ok=1
Cmd: preprocess
  insize=41271 outsize=630 ok=1
Cmd: preprocessCompute
  insize=8158 outsize=8160 ok=1
Cmd: preprocessCompute
  insize=10667 outsize=10669 ok=1
Cmd: preprocessCompute
  insize=7220 outsize=7222 ok=1
Cmd: preprocessCompute
  insize=7450 outsize=7452 ok=1
Cmd: preprocess
  insize=40460 outsize=634 ok=1
Cmd: preprocessCompute
  insize=5712 outsize=5714 ok=1
Cmd: preprocessCompute
  insize=4912 outsize=4914 ok=1
Cmd: preprocess
  insize=40859 outsize=629 ok=1
Cmd: preprocessCompute
  insize=7887 outsize=7889 ok=1
Cmd: preprocessCompute
  insize=11581 outsize=11583 ok=1
Cmd: preprocess
  insize=41271 outsize=630 ok=1
Cmd: preprocessCompute
  insize=8158 outsize=8160 ok=1
Cmd: preprocessCompute
  insize=10667 outsize=10669 ok=1
Cmd: preprocessCompute
  insize=7220 outsize=7222 ok=1
Cmd: preprocessCompute
  insize=7450 outsize=7452 ok=1
Cmd: preprocess
  insize=40460 outsize=634 ok=1
Cmd: preprocessCompute
  insize=5712 outsize=5714 ok=1
Cmd: preprocessCompute
  insize=4912 outsize=4914 ok=1
Cmd: preprocess
  insize=40859 outsize=629 ok=1
Cmd: preprocessCompute
  insize=7887 outsize=7889 ok=1
Cmd: preprocessCompute
  insize=11581 outsize=11583 ok=1
Cmd: preprocess
  insize=41271 outsize=630 ok=1
Cmd: preprocessCompute
  insize=8158 outsize=8160 ok=1
Cmd: preprocessCompute
  insize=10667 outsize=10669 ok=1
Cmd: preprocessCompute
  insize=7220 outsize=7222 ok=1
Cmd: preprocessCompute
  insize=7450 outsize=7452 ok=1
Cmd: preprocess
  insize=40460 outsize=634 ok=1
Cmd: preprocessCompute
  insize=5712 outsize=5714 ok=1
Cmd: preprocessCompute
  insize=4912 outsize=4914 ok=1
Cmd: preprocess
  insize=40859 outsize=629 ok=1
Cmd: preprocessCompute
  insize=7887 outsize=7889 ok=1
Cmd: preprocessCompute
  insize=11581 outsize=11583 ok=1
Cmd: preprocess
  insize=41271 outsize=630 ok=1
Cmd: preprocessCompute
  insize=8158 outsize=8160 ok=1
Cmd: preprocessCompute
  insize=10667 outsize=10669 ok=1
Cmd: preprocessCompute
  insize=7220 outsize=7222 ok=1
Cmd: preprocessCompute
  insize=7450 outsize=7452 ok=1
Cmd: preprocess
  insize=40460 outsize=634 ok=1
Cmd: preprocessCompute
  insize=5712 outsize=5714 ok=1
Cmd: preprocessCompute
  insize=4912 outsize=4914 ok=1
Cmd: preprocess
  insize=40859 outsize=629 ok=1
Cmd: preprocessCompute
  insize=7887 outsize=7889 ok=1
Cmd: preprocessCompute
  insize=11581 outsize=11583 ok=1
Cmd: preprocess
  insize=41846 outsize=630 ok=1
Cmd: preprocessCompute
  insize=8158 outsize=8160 ok=1
Cmd: preprocessCompute
  insize=10667 outsize=10669 ok=1
Cmd: preprocessCompute
  insize=7220 outsize=7222 ok=1
Cmd: preprocessCompute
  insize=7450 outsize=7452 ok=1
Cmd: preprocess
  insize=40460 outsize=634 ok=1
Cmd: preprocessCompute
  insize=5712 outsize=5714 ok=1
Cmd: preprocessCompute
  insize=4912 outsize=4914 ok=1
Cmd: preprocess
  insize=40859 outsize=629 ok=1
Cmd: preprocessCompute
  insize=7977 outsize=7979 ok=1
Cmd: compileComputeKernel
  api=4 insize=7979 outsize=2948 ok=1
Cmd: preprocessCompute
  insize=11581 outsize=11583 ok=1
Cmd: compileComputeKernel
  api=4 insize=11583 outsize=12326 ok=1
Cmd: preprocess
  insize=42067 outsize=629 ok=1
Cmd: preprocessCompute
  insize=8158 outsize=8160 ok=1
Cmd: preprocessCompute
  insize=10667 outsize=10669 ok=1
Cmd: preprocessCompute
  insize=7220 outsize=7222 ok=1
Cmd: preprocessCompute
  insize=7450 outsize=7452 ok=1
Cmd: preprocess
  insize=40460 outsize=634 ok=1
Cmd: preprocessCompute
  insize=5712 outsize=5714 ok=1
Cmd: preprocessCompute
  insize=4912 outsize=4914 ok=1
Cmd: preprocess
  insize=40859 outsize=629 ok=1
Cmd: preprocessCompute
  insize=7977 outsize=7979 ok=1
Cmd: preprocessCompute
  insize=11581 outsize=11583 ok=1
Cmd: preprocess
  insize=42067 outsize=629 ok=1
Cmd: preprocessCompute
  insize=8158 outsize=8160 ok=1
Cmd: preprocessCompute
  insize=10667 outsize=10669 ok=1
Cmd: preprocessCompute
  insize=7220 outsize=7222 ok=1
Cmd: preprocessCompute
  insize=7450 outsize=7452 ok=1
Cmd: preprocess
  insize=40460 outsize=634 ok=1
Cmd: preprocessCompute
  insize=5712 outsize=5714 ok=1
Cmd: preprocessCompute
  insize=4912 outsize=4914 ok=1
Cmd: preprocess
  insize=40859 outsize=629 ok=1
Cmd: preprocessCompute
  insize=7977 outsize=7979 ok=1
Cmd: preprocessCompute
  insize=11581 outsize=11583 ok=1
Cmd: preprocess
  insize=42067 outsize=629 ok=1
Cmd: preprocessCompute
  insize=8158 outsize=8160 ok=1
Cmd: preprocessCompute
  insize=10667 outsize=10669 ok=1
Cmd: preprocessCompute
  insize=7220 outsize=7222 ok=1
Cmd: preprocessCompute
  insize=7450 outsize=7452 ok=1
Cmd: preprocess
  insize=40460 outsize=634 ok=1
Cmd: preprocessCompute
  insize=5712 outsize=5714 ok=1
Cmd: preprocessCompute
  insize=4912 outsize=4914 ok=1
Cmd: preprocess
  insize=40859 outsize=629 ok=1
Cmd: preprocessCompute
  insize=7887 outsize=7889 ok=1
Cmd: preprocessCompute
  insize=11581 outsize=11583 ok=1
Cmd: preprocess
  insize=41846 outsize=630 ok=1
Cmd: preprocessCompute
  insize=8158 outsize=8160 ok=1
Cmd: preprocessCompute
  insize=10667 outsize=10669 ok=1
Cmd: preprocessCompute
  insize=7220 outsize=7222 ok=1
Cmd: preprocessCompute
  insize=7450 outsize=7452 ok=1
Cmd: preprocess
  insize=40460 outsize=634 ok=1
Cmd: preprocessCompute
  insize=5712 outsize=5714 ok=1
Cmd: preprocessCompute
  insize=4912 outsize=4914 ok=1
Cmd: preprocess
  insize=40859 outsize=629 ok=1
Cmd: preprocessCompute
  insize=7977 outsize=7979 ok=1
Cmd: preprocessCompute
  insize=11581 outsize=11583 ok=1
Cmd: preprocess
  insize=42067 outsize=629 ok=1
Cmd: preprocessCompute
  insize=8158 outsize=8160 ok=1
Cmd: preprocessCompute
  insize=10667 outsize=10669 ok=1
Cmd: preprocessCompute
  insize=7220 outsize=7222 ok=1
Cmd: preprocessCompute
  insize=7450 outsize=7452 ok=1
Cmd: preprocess
  insize=40460 outsize=634 ok=1
Cmd: preprocessCompute
  insize=5712 outsize=5714 ok=1
Cmd: preprocessCompute
  insize=4912 outsize=4914 ok=1
Cmd: preprocess
  insize=40859 outsize=629 ok=1
Cmd: preprocessCompute
  insize=7887 outsize=7889 ok=1
Cmd: preprocessCompute
  insize=11581 outsize=11583 ok=1
Cmd: preprocess
  insize=41271 outsize=630 ok=1
Cmd: preprocessCompute
  insize=8158 outsize=8160 ok=1
Cmd: preprocessCompute
  insize=10667 outsize=10669 ok=1
Cmd: preprocessCompute
  insize=7220 outsize=7222 ok=1
Cmd: preprocessCompute
  insize=7450 outsize=7452 ok=1
Cmd: preprocess
  insize=40460 outsize=634 ok=1
Cmd: preprocessCompute
  insize=5712 outsize=5714 ok=1
Cmd: preprocessCompute
  insize=4912 outsize=4914 ok=1
Cmd: preprocess
  insize=40859 outsize=629 ok=1
Cmd: preprocessCompute
  insize=7977 outsize=7979 ok=1
Cmd: preprocessCompute
  insize=11581 outsize=11583 ok=1
Cmd: preprocess
  insize=42067 outsize=629 ok=1
Cmd: preprocessCompute
  insize=8158 outsize=8160 ok=1
Cmd: preprocessCompute
  insize=10667 outsize=10669 ok=1
Cmd: preprocessCompute
  insize=7220 outsize=7222 ok=1
Cmd: preprocessCompute
  insize=7450 outsize=7452 ok=1
Cmd: preprocess
  insize=40460 outsize=634 ok=1
Cmd: preprocessCompute
  insize=5712 outsize=5714 ok=1
Cmd: preprocessCompute
  insize=4912 outsize=4914 ok=1
Cmd: preprocess
  insize=40859 outsize=629 ok=1
Cmd: preprocessCompute
  insize=7887 outsize=7889 ok=1
Cmd: preprocessCompute
  insize=11581 outsize=11583 ok=1
Cmd: preprocess
  insize=41271 outsize=630 ok=1
Cmd: preprocessCompute
  insize=8158 outsize=8160 ok=1
Cmd: preprocessCompute
  insize=10667 outsize=10669 ok=1
Cmd: preprocessCompute
  insize=7220 outsize=7222 ok=1
Cmd: preprocessCompute
  insize=7450 outsize=7452 ok=1
Cmd: preprocess
  insize=40460 outsize=634 ok=1
Cmd: preprocessCompute
  insize=5712 outsize=5714 ok=1
Cmd: preprocessCompute
  insize=4912 outsize=4914 ok=1
Cmd: preprocess
  insize=40859 outsize=629 ok=1
Cmd: preprocessCompute
  insize=7887 outsize=7889 ok=1
Cmd: preprocessCompute
  insize=11581 outsize=11583 ok=1
Cmd: preprocess
  insize=41271 outsize=630 ok=1
Cmd: preprocessCompute
  insize=8158 outsize=8160 ok=1
Cmd: preprocessCompute
  insize=10667 outsize=10669 ok=1
Cmd: preprocessCompute
  insize=7220 outsize=7222 ok=1
Cmd: preprocessCompute
  insize=7450 outsize=7452 ok=1
Cmd: preprocess
  insize=40460 outsize=634 ok=1
Cmd: preprocessCompute
  insize=5712 outsize=5714 ok=1
Cmd: preprocessCompute
  insize=4912 outsize=4914 ok=1
Cmd: preprocess
  insize=40859 outsize=629 ok=1
Cmd: preprocessCompute
  insize=7887 outsize=7889 ok=1
Cmd: preprocessCompute
  insize=11581 outsize=11583 ok=1
Cmd: preprocess
  insize=41271 outsize=630 ok=1
Cmd: preprocessCompute
  insize=8158 outsize=8160 ok=1
Cmd: preprocessCompute
  insize=10667 outsize=10669 ok=1
Cmd: preprocessCompute
  insize=7220 outsize=7222 ok=1
Cmd: preprocessCompute
  insize=7450 outsize=7452 ok=1
Cmd: preprocess
  insize=40460 outsize=634 ok=1
Cmd: preprocessCompute
  insize=5712 outsize=5714 ok=1
Cmd: preprocessCompute
  insize=4912 outsize=4914 ok=1
Cmd: preprocess
  insize=40859 outsize=629 ok=1
Cmd: preprocessCompute
  insize=7887 outsize=7889 ok=1
Cmd: preprocessCompute
  insize=11581 outsize=11583 ok=1
Cmd: preprocess
  insize=41271 outsize=630 ok=1
Cmd: preprocessCompute
  insize=8158 outsize=8160 ok=1
Cmd: preprocessCompute
  insize=10667 outsize=10669 ok=1
Cmd: preprocessCompute
  insize=7220 outsize=7222 ok=1
Cmd: preprocessCompute
  insize=7450 outsize=7452 ok=1
Cmd: preprocess
  insize=40460 outsize=634 ok=1
Cmd: preprocessCompute
  insize=5712 outsize=5714 ok=1
Cmd: preprocessCompute
  insize=4912 outsize=4914 ok=1
Cmd: preprocess
  insize=40859 outsize=629 ok=1
Cmd: preprocessCompute
  insize=7887 outsize=7889 ok=1
Cmd: preprocessCompute
  insize=11581 outsize=11583 ok=1
Cmd: preprocess
  insize=41271 outsize=630 ok=1
Cmd: preprocessCompute
  insize=8158 outsize=8160 ok=1
Cmd: preprocessCompute
  insize=10667 outsize=10669 ok=1
Cmd: preprocessCompute
  insize=7220 outsize=7222 ok=1
Cmd: preprocessCompute
  insize=7450 outsize=7452 ok=1
Cmd: preprocess
  insize=40460 outsize=634 ok=1
Cmd: preprocessCompute
  insize=5712 outsize=5714 ok=1
Cmd: preprocessCompute
  insize=4912 outsize=4914 ok=1
Cmd: preprocess
  insize=40859 outsize=629 ok=1
Cmd: preprocessCompute
  insize=7887 outsize=7889 ok=1
Cmd: preprocessCompute
  insize=11581 outsize=11583 ok=1
Cmd: preprocess
  insize=41271 outsize=630 ok=1
Cmd: preprocessCompute
  insize=8158 outsize=8160 ok=1
Cmd: preprocessCompute
  insize=10667 outsize=10669 ok=1
Cmd: preprocessCompute
  insize=7220 outsize=7222 ok=1
Cmd: preprocessCompute
  insize=7450 outsize=7452 ok=1
Cmd: preprocess
  insize=40460 outsize=634 ok=1
Cmd: preprocessCompute
  insize=5712 outsize=5714 ok=1
Cmd: preprocessCompute
  insize=4912 outsize=4914 ok=1
Cmd: preprocess
  insize=40859 outsize=629 ok=1
Cmd: preprocessCompute
  insize=7887 outsize=7889 ok=1
Cmd: preprocessCompute
  insize=11581 outsize=11583 ok=1
Cmd: preprocess
  insize=41271 outsize=630 ok=1
Cmd: preprocessCompute
  insize=8158 outsize=8160 ok=1
Cmd: preprocessCompute
  insize=10667 outsize=10669 ok=1
Cmd: preprocessCompute
  insize=7220 outsize=7222 ok=1
Cmd: preprocessCompute
  insize=7450 outsize=7452 ok=1
Cmd: preprocess
  insize=40460 outsize=634 ok=1
Cmd: preprocessCompute
  insize=5712 outsize=5714 ok=1
Cmd: preprocessCompute
  insize=4912 outsize=4914 ok=1
Cmd: preprocess
  insize=40859 outsize=629 ok=1
Cmd: preprocessCompute
  insize=7887 outsize=7889 ok=1
Cmd: preprocessCompute
  insize=11581 outsize=11583 ok=1
Cmd: preprocess
  insize=41271 outsize=630 ok=1
Cmd: preprocessCompute
  insize=8158 outsize=8160 ok=1
Cmd: preprocessCompute
  insize=10667 outsize=10669 ok=1
Cmd: preprocessCompute
  insize=7220 outsize=7222 ok=1
Cmd: preprocessCompute
  insize=7450 outsize=7452 ok=1
Cmd: preprocess
  insize=40460 outsize=634 ok=1
Cmd: preprocessCompute
  insize=5712 outsize=5714 ok=1
Cmd: preprocessCompute
  insize=4912 outsize=4914 ok=1
Cmd: preprocess
  insize=40859 outsize=629 ok=1
Cmd: preprocessCompute
  insize=7887 outsize=7889 ok=1
Cmd: preprocessCompute
  insize=11581 outsize=11583 ok=1
Cmd: preprocess
  insize=41271 outsize=630 ok=1
Cmd: preprocessCompute
  insize=8158 outsize=8160 ok=1
Cmd: preprocessCompute
  insize=10667 outsize=10669 ok=1
Cmd: preprocessCompute
  insize=7220 outsize=7222 ok=1
Cmd: preprocessCompute
  insize=7450 outsize=7452 ok=1
Cmd: preprocess
  insize=40460 outsize=634 ok=1
Cmd: preprocessCompute
  insize=5712 outsize=5714 ok=1
Cmd: preprocessCompute
  insize=4912 outsize=4914 ok=1
Cmd: preprocess
  insize=40859 outsize=629 ok=1
Cmd: preprocessCompute
  insize=7887 outsize=7889 ok=1
Cmd: preprocessCompute
  insize=11581 outsize=11583 ok=1
Cmd: preprocess
  insize=41271 outsize=630 ok=1
Cmd: preprocessCompute
  insize=8158 outsize=8160 ok=1
Cmd: preprocessCompute
  insize=10667 outsize=10669 ok=1
Cmd: preprocessCompute
  insize=7220 outsize=7222 ok=1
Cmd: preprocessCompute
  insize=7450 outsize=7452 ok=1
Cmd: preprocess
  insize=40460 outsize=634 ok=1
Cmd: preprocessCompute
  insize=5712 outsize=5714 ok=1
Cmd: preprocessCompute
  insize=4912 outsize=4914 ok=1
Cmd: preprocess
  insize=40859 outsize=629 ok=1
Cmd: preprocessCompute
  insize=7887 outsize=7889 ok=1
Cmd: preprocessCompute
  insize=11581 outsize=11583 ok=1
Cmd: preprocess
  insize=41271 outsize=630 ok=1
Cmd: preprocessCompute
  insize=8085 outsize=8087 ok=1
Cmd: compileComputeKernel
  api=4 insize=8087 outsize=2477 ok=1
Cmd: preprocessCompute
  insize=10586 outsize=10588 ok=1
Cmd: compileComputeKernel
  api=4 insize=10588 outsize=8734 ok=1
Cmd: preprocessCompute
  insize=7220 outsize=7222 ok=1
Cmd: preprocessCompute
  insize=7486 outsize=7488 ok=1
Cmd: compileComputeKernel
  api=4 insize=7488 outsize=6522 ok=1
Cmd: preprocess
  insize=40460 outsize=634 ok=1
Cmd: preprocessCompute
  insize=5653 outsize=5655 ok=1
Cmd: compileComputeKernel
  api=4 insize=5655 outsize=955 ok=1
Cmd: preprocessCompute
  insize=4912 outsize=4914 ok=1
Cmd: preprocess
  insize=40859 outsize=629 ok=1
Cmd: preprocessCompute
  insize=7849 outsize=7851 ok=1
Cmd: compileComputeKernel
  api=4 insize=7851 outsize=2544 ok=1
Cmd: preprocessCompute
  insize=11007 outsize=11009 ok=1
Cmd: compileComputeKernel
  api=4 insize=11009 outsize=6638 ok=1
Cmd: preprocess
  insize=41246 outsize=630 ok=1
Cmd: preprocessCompute
  insize=8085 outsize=8087 ok=1
Cmd: preprocessCompute
  insize=10586 outsize=10588 ok=1
Cmd: preprocessCompute
  insize=7220 outsize=7222 ok=1
Cmd: preprocessCompute
  insize=7486 outsize=7488 ok=1
Cmd: preprocess
  insize=40460 outsize=634 ok=1
Cmd: preprocessCompute
  insize=5653 outsize=5655 ok=1
Cmd: preprocessCompute
  insize=4912 outsize=4914 ok=1
Cmd: preprocess
  insize=40859 outsize=629 ok=1
Cmd: preprocessCompute
  insize=7849 outsize=7851 ok=1
Cmd: preprocessCompute
  insize=11007 outsize=11009 ok=1
Cmd: preprocess
  insize=41246 outsize=630 ok=1
