Base path: 'D:/unity/unity/2019.4.18f1/Editor/Data', plugins path 'D:/unity/unity/2019.4.18f1/Editor/Data/PlaybackEngines'
Cmd: initializeCompiler
Cmd: compileSnippet
  api=4 type=0 insize=7443 outsize=810 kw=_NORMALMAP_TANGENT_SPACE pd=UNITY_ENABLE_REFLECTION_BUFFERS UNITY_USE_DITHER_MASK_FOR_ALPHABLENDED_SHADOWS UNITY_PBS_USE_BRDF1 UNITY_SPECCUBE_BOX_PROJECTION UNITY_SPECCUBE_BLENDING UNITY_ENABLE_DETAIL_NORMALMAP SHADER_API_DESKTOP UNITY_LIGHT_PROBE_PROXY_VOLUME UNITY_LIGHTMAP_FULL_HDR ok=1
Cmd: compileSnippet
  api=4 type=0 insize=7919 outsize=1726 kw=DECALS_3RT _NORMALMAP_TANGENT_SPACE _NORMALMAP _MASKMAP pd=UNITY_ENABLE_REFLECTION_BUFFERS UNITY_USE_DITHER_MASK_FOR_ALPHABLENDED_SHADOWS UNITY_PBS_USE_BRDF1 UNITY_SPECCUBE_BOX_PROJECTION UNITY_SPECCUBE_BLENDING UNITY_ENABLE_DETAIL_NORMALMAP SHADER_API_DESKTOP UNITY_LIGHT_PROBE_PROXY_VOLUME UNITY_LIGHTMAP_FULL_HDR ok=1
Cmd: compileSnippet
  api=4 type=1 insize=6302 outsize=4918 kw= pd=UNITY_ENABLE_REFLECTION_BUFFERS UNITY_USE_DITHER_MASK_FOR_ALPHABLENDED_SHADOWS UNITY_PBS_USE_BRDF1 UNITY_SPECCUBE_BOX_PROJECTION UNITY_SPECCUBE_BLENDING UNITY_ENABLE_DETAIL_NORMALMAP SHADER_API_DESKTOP UNITY_LIGHT_PROBE_PROXY_VOLUME UNITY_LIGHTMAP_FULL_HDR ok=1
Cmd: initializeCompiler
Cmd: compileComputeKernel
  api=4 insize=9342 outsize=471 ok=1
Cmd: compileComputeKernel
  api=4 insize=9677 outsize=8504 ok=1
Cmd: compileComputeKernel
  api=4 insize=4693 outsize=2756 ok=1
Cmd: compileComputeKernel
  api=4 insize=2681 outsize=2273 ok=1
Cmd: compileComputeKernel
  api=4 insize=13862 outsize=665 ok=1
Cmd: compileComputeKernel
  api=4 insize=10824 outsize=4742 ok=1
Cmd: compileComputeKernel
  api=4 insize=39604 outsize=41874 ok=1
Cmd: compileComputeKernel
  api=4 insize=3612 outsize=1164 ok=1
Cmd: compileComputeKernel
  api=4 insize=11234 outsize=257 ok=1
Cmd: compileComputeKernel
  api=4 insize=9567 outsize=13328 ok=1
Cmd: compileComputeKernel
  api=4 insize=21811 outsize=982 ok=1
Cmd: compileComputeKernel
  api=4 insize=6028 outsize=2451 ok=1
Cmd: compileComputeKernel
  api=4 insize=6596 outsize=1485 ok=1
Cmd: compileComputeKernel
  api=4 insize=6596 outsize=988 ok=1
Cmd: compileComputeKernel
  api=4 insize=8929 outsize=4256 ok=1
Cmd: compileComputeKernel
  api=4 insize=25900 outsize=15415 ok=1
Cmd: compileComputeKernel
  api=4 insize=16083 outsize=101466 ok=1
Cmd: compileComputeKernel
  api=4 insize=16083 outsize=50619 ok=1
Cmd: compileComputeKernel
  api=4 insize=16083 outsize=82279 ok=1
Cmd: compileComputeKernel
  api=4 insize=5725 outsize=7136 ok=1
Cmd: compileComputeKernel
  api=4 insize=27979 outsize=3504 ok=1
Cmd: compileComputeKernel
  api=4 insize=13599 outsize=2288 ok=1
Cmd: compileComputeKernel
  api=4 insize=10327 outsize=7759 ok=1
Cmd: compileSnippet
  api=4 type=1 insize=7774 outsize=6782 kw=LIGHTMAP_ON DIRLIGHTMAP_COMBINED DECALS_3RT _NORMALMAP_TANGENT_SPACE _NORMALMAP _MASKMAP pd=UNITY_ENABLE_REFLECTION_BUFFERS UNITY_USE_DITHER_MASK_FOR_ALPHABLENDED_SHADOWS UNITY_PBS_USE_BRDF1 UNITY_SPECCUBE_BOX_PROJECTION UNITY_SPECCUBE_BLENDING UNITY_ENABLE_DETAIL_NORMALMAP SHADER_API_DESKTOP UNITY_LIGHT_PROBE_PROXY_VOLUME UNITY_LIGHTMAP_FULL_HDR ok=1
