Base path: 'D:/unity/unity/2019.4.18f1/Editor/Data', plugins path 'D:/unity/unity/2019.4.18f1/Editor/Data/PlaybackEngines'
Cmd: initializeCompiler
Cmd: compileSnippet
  api=4 type=1 insize=7443 outsize=142 kw=_NORMALMAP_TANGENT_SPACE pd=UNITY_ENABLE_REFLECTION_BUFFERS UNITY_USE_DITHER_MASK_FOR_ALPHABLENDED_SHADOWS UNITY_PBS_USE_BRDF1 UNITY_SPECCUBE_BOX_PROJECTION UNITY_SPECCUBE_BLENDING UNITY_ENABLE_DETAIL_NORMALMAP SHADER_API_DESKTOP UNITY_LIGHT_PROBE_PROXY_VOLUME UNITY_LIGHTMAP_FULL_HDR ok=1
Cmd: compileSnippet
  api=4 type=1 insize=7919 outsize=7918 kw=DECALS_3RT _NORMALMAP_TANGENT_SPACE _NORMALMAP _MASKMAP pd=UNITY_ENABLE_REFLECTION_BUFFERS UNITY_USE_DITHER_MASK_FOR_ALPHABLENDED_SHADOWS UNITY_PBS_USE_BRDF1 UNITY_SPECCUBE_BOX_PROJECTION UNITY_SPECCUBE_BLENDING UNITY_ENABLE_DETAIL_NORMALMAP SHADER_API_DESKTOP UNITY_LIGHT_PROBE_PROXY_VOLUME UNITY_LIGHTMAP_FULL_HDR ok=1
Cmd: compileSnippet
  api=4 type=1 insize=6310 outsize=450 kw= pd=UNITY_ENABLE_REFLECTION_BUFFERS UNITY_USE_DITHER_MASK_FOR_ALPHABLENDED_SHADOWS UNITY_PBS_USE_BRDF1 UNITY_SPECCUBE_BOX_PROJECTION UNITY_SPECCUBE_BLENDING UNITY_ENABLE_DETAIL_NORMALMAP SHADER_API_DESKTOP UNITY_LIGHT_PROBE_PROXY_VOLUME UNITY_LIGHTMAP_FULL_HDR ok=1
Cmd: initializeCompiler
Cmd: compileComputeKernel
  api=4 insize=4415 outsize=2864 ok=1
Cmd: compileComputeKernel
  api=4 insize=9677 outsize=5242 ok=1
Cmd: compileComputeKernel
  api=4 insize=21900 outsize=21741 ok=1
Cmd: compileComputeKernel
  api=4 insize=4693 outsize=2830 ok=1
Cmd: compileComputeKernel
  api=4 insize=2681 outsize=2186 ok=1
Cmd: compileComputeKernel
  api=4 insize=13862 outsize=666 ok=1
Cmd: compileComputeKernel
  api=4 insize=10824 outsize=4877 ok=1
Cmd: compileComputeKernel
  api=4 insize=39604 outsize=36609 ok=1
Cmd: compileComputeKernel
  api=4 insize=3612 outsize=1164 ok=1
Cmd: compileComputeKernel
  api=4 insize=9232 outsize=6297 ok=1
Cmd: compileComputeKernel
  api=4 insize=8045 outsize=1857 ok=1
Cmd: compileComputeKernel
  api=4 insize=6028 outsize=2518 ok=1
Cmd: compileComputeKernel
  api=4 insize=6596 outsize=2822 ok=1
Cmd: compileComputeKernel
  api=4 insize=25900 outsize=15917 ok=1
Cmd: compileComputeKernel
  api=4 insize=16083 outsize=43396 ok=1
Cmd: compileComputeKernel
  api=4 insize=16083 outsize=51069 ok=1
Cmd: compileComputeKernel
  api=4 insize=16083 outsize=79894 ok=1
Cmd: compileComputeKernel
  api=4 insize=16083 outsize=36029 ok=1
Cmd: compileComputeKernel
  api=4 insize=16083 outsize=40179 ok=1
Cmd: compileComputeKernel
  api=4 insize=16083 outsize=36345 ok=1
Cmd: compileComputeKernel
  api=4 insize=8565 outsize=5561 ok=1
Cmd: compileComputeKernel
  api=4 insize=27979 outsize=5639 ok=1
Cmd: compileComputeKernel
  api=4 insize=7401 outsize=1033 ok=1
Cmd: compileComputeKernel
  api=4 insize=10327 outsize=1413 ok=1
Cmd: compileSnippet
  api=4 type=0 insize=6822 outsize=810 kw=UNITY_PASS_SHADOWCASTER _NORMALMAP_TANGENT_SPACE _MASKMAP pd=UNITY_ENABLE_REFLECTION_BUFFERS UNITY_USE_DITHER_MASK_FOR_ALPHABLENDED_SHADOWS UNITY_PBS_USE_BRDF1 UNITY_SPECCUBE_BOX_PROJECTION UNITY_SPECCUBE_BLENDING UNITY_ENABLE_DETAIL_NORMALMAP SHADER_API_DESKTOP UNITY_LIGHT_PROBE_PROXY_VOLUME UNITY_LIGHTMAP_FULL_HDR ok=1
Cmd: compileSnippet
  api=4 type=1 insize=7306 outsize=142 kw=_NORMALMAP_TANGENT_SPACE _NORMALMAP _MASKMAP pd=UNITY_ENABLE_REFLECTION_BUFFERS UNITY_USE_DITHER_MASK_FOR_ALPHABLENDED_SHADOWS UNITY_PBS_USE_BRDF1 UNITY_SPECCUBE_BOX_PROJECTION UNITY_SPECCUBE_BLENDING UNITY_ENABLE_DETAIL_NORMALMAP SHADER_API_DESKTOP UNITY_LIGHT_PROBE_PROXY_VOLUME UNITY_LIGHTMAP_FULL_HDR ok=1
Cmd: compileSnippet
  api=4 type=1 insize=1315 outsize=222 kw= pd=UNITY_ENABLE_REFLECTION_BUFFERS UNITY_USE_DITHER_MASK_FOR_ALPHABLENDED_SHADOWS UNITY_PBS_USE_BRDF1 UNITY_SPECCUBE_BOX_PROJECTION UNITY_SPECCUBE_BLENDING UNITY_ENABLE_DETAIL_NORMALMAP SHADER_API_DESKTOP UNITY_LIGHT_PROBE_PROXY_VOLUME UNITY_LIGHTMAP_FULL_HDR ok=1
Cmd: compileSnippet
  api=4 type=1 insize=23089 outsize=15310 kw= pd=UNITY_ENABLE_REFLECTION_BUFFERS UNITY_USE_DITHER_MASK_FOR_ALPHABLENDED_SHADOWS UNITY_PBS_USE_BRDF1 UNITY_SPECCUBE_BOX_PROJECTION UNITY_SPECCUBE_BLENDING UNITY_ENABLE_DETAIL_NORMALMAP SHADER_API_DESKTOP UNITY_LIGHT_PROBE_PROXY_VOLUME UNITY_LIGHTMAP_FULL_HDR ok=1
