Base path: 'D:/unity/unity/2019.4.18f1/Editor/Data', plugins path 'D:/unity/unity/2019.4.18f1/Editor/Data/PlaybackEngines'
Cmd: initializeCompiler
Cmd: compileSnippet
  api=4 type=0 insize=7919 outsize=1726 kw=LIGHTMAP_ON DIRLIGHTMAP_COMBINED DECALS_3RT _NORMALMAP_TANGENT_SPACE _NORMALMAP _MASKMAP pd=UNITY_ENABLE_REFLECTION_BUFFERS UNITY_USE_DITHER_MASK_FOR_ALPHABLENDED_SHADOWS UNITY_PBS_USE_BRDF1 UNITY_SPECCUBE_BOX_PROJECTION UNITY_SPECCUBE_BLENDING UNITY_ENABLE_DETAIL_NORMALMAP SHADER_API_DESKTOP UNITY_LIGHT_PROBE_PROXY_VOLUME UNITY_LIGHTMAP_FULL_HDR ok=1
Cmd: initializeCompiler
Cmd: compileComputeKernel
  api=4 insize=16402 outsize=8237 ok=1
Cmd: compileComputeKernel
  api=4 insize=9342 outsize=3216 ok=1
Cmd: compileComputeKernel
  api=4 insize=9677 outsize=4118 ok=1
Cmd: compileComputeKernel
  api=4 insize=9677 outsize=7590 ok=1
Cmd: compileComputeKernel
  api=4 insize=4693 outsize=662 ok=1
Cmd: compileComputeKernel
  api=4 insize=5756 outsize=6007 ok=1
Cmd: compileComputeKernel
  api=4 insize=10824 outsize=880 ok=1
Cmd: compileComputeKernel
  api=4 insize=3105 outsize=3237 ok=1
Cmd: compileComputeKernel
  api=4 insize=39604 outsize=37115 ok=1
Cmd: compileComputeKernel
  api=4 insize=39604 outsize=37933 ok=1
Cmd: compileComputeKernel
  api=4 insize=3612 outsize=1164 ok=1
Cmd: compileComputeKernel
  api=4 insize=21755 outsize=14875 ok=1
Cmd: compileComputeKernel
  api=4 insize=2217 outsize=987 ok=1
Cmd: compileComputeKernel
  api=4 insize=7638 outsize=8128 ok=1
Cmd: compileComputeKernel
  api=4 insize=6028 outsize=2809 ok=1
Cmd: compileComputeKernel
  api=4 insize=6596 outsize=1808 ok=1
Cmd: compileComputeKernel
  api=4 insize=8929 outsize=4225 ok=1
Cmd: compileComputeKernel
  api=4 insize=25900 outsize=15377 ok=1
Cmd: compileComputeKernel
  api=4 insize=16083 outsize=24375 ok=1
Cmd: compileComputeKernel
  api=4 insize=16083 outsize=34465 ok=1
Cmd: compileComputeKernel
  api=4 insize=16083 outsize=38618 ok=1
Cmd: compileComputeKernel
  api=4 insize=16083 outsize=70318 ok=1
Cmd: compileComputeKernel
  api=4 insize=16083 outsize=33644 ok=1
Cmd: compileComputeKernel
  api=4 insize=16083 outsize=60190 ok=1
Cmd: compileComputeKernel
  api=4 insize=16083 outsize=49950 ok=1
Cmd: compileComputeKernel
  api=4 insize=3829 outsize=4173 ok=1
Cmd: compileComputeKernel
  api=4 insize=2512 outsize=562 ok=1
Cmd: compileComputeKernel
  api=4 insize=7401 outsize=1261 ok=1
Cmd: compileComputeKernel
  api=4 insize=8603 outsize=41078 ok=1
Cmd: compileSnippet
  api=4 type=0 insize=6822 outsize=810 kw=UNITY_PASS_SHADOWCASTER _NORMALMAP_TANGENT_SPACE _NORMALMAP _MASKMAP pd=UNITY_ENABLE_REFLECTION_BUFFERS UNITY_USE_DITHER_MASK_FOR_ALPHABLENDED_SHADOWS UNITY_PBS_USE_BRDF1 UNITY_SPECCUBE_BOX_PROJECTION UNITY_SPECCUBE_BLENDING UNITY_ENABLE_DETAIL_NORMALMAP SHADER_API_DESKTOP UNITY_LIGHT_PROBE_PROXY_VOLUME UNITY_LIGHTMAP_FULL_HDR ok=1
Cmd: compileSnippet
  api=4 type=1 insize=7774 outsize=6218 kw=DECALS_3RT _NORMALMAP_TANGENT_SPACE _MASKMAP pd=UNITY_ENABLE_REFLECTION_BUFFERS UNITY_USE_DITHER_MASK_FOR_ALPHABLENDED_SHADOWS UNITY_PBS_USE_BRDF1 UNITY_SPECCUBE_BOX_PROJECTION UNITY_SPECCUBE_BLENDING UNITY_ENABLE_DETAIL_NORMALMAP SHADER_API_DESKTOP UNITY_LIGHT_PROBE_PROXY_VOLUME UNITY_LIGHTMAP_FULL_HDR ok=1
Cmd: compileSnippet
  api=4 type=0 insize=23089 outsize=3722 kw= pd=UNITY_ENABLE_REFLECTION_BUFFERS UNITY_USE_DITHER_MASK_FOR_ALPHABLENDED_SHADOWS UNITY_PBS_USE_BRDF1 UNITY_SPECCUBE_BOX_PROJECTION UNITY_SPECCUBE_BLENDING UNITY_ENABLE_DETAIL_NORMALMAP SHADER_API_DESKTOP UNITY_LIGHT_PROBE_PROXY_VOLUME UNITY_LIGHTMAP_FULL_HDR ok=1
