Base path: 'D:/unity/unity/2019.4.18f1/Editor/Data', plugins path 'D:/unity/unity/2019.4.18f1/Editor/Data/PlaybackEngines'
Cmd: initializeCompiler
Cmd: compileSnippet
  api=4 type=1 insize=7919 outsize=6218 kw=DECALS_3RT _NORMALMAP_TANGENT_SPACE _MASKMAP pd=UNITY_ENABLE_REFLECTION_BUFFERS UNITY_USE_DITHER_MASK_FOR_ALPHABLENDED_SHADOWS UNITY_PBS_USE_BRDF1 UNITY_SPECCUBE_BOX_PROJECTION UNITY_SPECCUBE_BLENDING UNITY_ENABLE_DETAIL_NORMALMAP SHADER_API_DESKTOP UNITY_LIGHT_PROBE_PROXY_VOLUME UNITY_LIGHTMAP_FULL_HDR ok=1
Cmd: compileSnippet
  api=4 type=0 insize=6310 outsize=502 kw= pd=UNITY_ENABLE_REFLECTION_BUFFERS UNITY_USE_DITHER_MASK_FOR_ALPHABLENDED_SHADOWS UNITY_PBS_USE_BRDF1 UNITY_SPECCUBE_BOX_PROJECTION UNITY_SPECCUBE_BLENDING UNITY_ENABLE_DETAIL_NORMALMAP SHADER_API_DESKTOP UNITY_LIGHT_PROBE_PROXY_VOLUME UNITY_LIGHTMAP_FULL_HDR ok=1
Cmd: initializeCompiler
Cmd: compileComputeKernel
  api=4 insize=21107 outsize=94670 ok=1
Cmd: compileComputeKernel
  api=4 insize=16051 outsize=2847 ok=1
Cmd: compileComputeKernel
  api=4 insize=9677 outsize=5133 ok=1
Cmd: compileComputeKernel
  api=4 insize=9677 outsize=6470 ok=1
Cmd: compileComputeKernel
  api=4 insize=4693 outsize=2835 ok=1
Cmd: compileComputeKernel
  api=4 insize=10824 outsize=4699 ok=1
Cmd: compileComputeKernel
  api=4 insize=39604 outsize=39488 ok=1
Cmd: compileComputeKernel
  api=4 insize=21755 outsize=15349 ok=1
Cmd: compileComputeKernel
  api=4 insize=7638 outsize=7524 ok=1
Cmd: compileComputeKernel
  api=4 insize=21811 outsize=1026 ok=1
Cmd: compileComputeKernel
  api=4 insize=6028 outsize=2417 ok=1
Cmd: compileComputeKernel
  api=4 insize=6596 outsize=3022 ok=1
Cmd: compileComputeKernel
  api=4 insize=25900 outsize=15619 ok=1
Cmd: compileComputeKernel
  api=4 insize=16083 outsize=116874 ok=1
Cmd: compileComputeKernel
  api=4 insize=16083 outsize=37733 ok=1
Cmd: compileComputeKernel
  api=4 insize=16083 outsize=103830 ok=1
Cmd: compileComputeKernel
  api=4 insize=2512 outsize=757 ok=1
Cmd: compileComputeKernel
  api=4 insize=7401 outsize=1128 ok=1
Cmd: compileSnippet
  api=4 type=1 insize=6822 outsize=142 kw=UNITY_PASS_SHADOWCASTER _NORMALMAP_TANGENT_SPACE _MASKMAP pd=UNITY_ENABLE_REFLECTION_BUFFERS UNITY_USE_DITHER_MASK_FOR_ALPHABLENDED_SHADOWS UNITY_PBS_USE_BRDF1 UNITY_SPECCUBE_BOX_PROJECTION UNITY_SPECCUBE_BLENDING UNITY_ENABLE_DETAIL_NORMALMAP SHADER_API_DESKTOP UNITY_LIGHT_PROBE_PROXY_VOLUME UNITY_LIGHTMAP_FULL_HDR ok=1
Cmd: compileSnippet
  api=4 type=0 insize=7774 outsize=1726 kw=LIGHTMAP_ON DIRLIGHTMAP_COMBINED DECALS_3RT _NORMALMAP_TANGENT_SPACE _NORMALMAP _MASKMAP pd=UNITY_ENABLE_REFLECTION_BUFFERS UNITY_USE_DITHER_MASK_FOR_ALPHABLENDED_SHADOWS UNITY_PBS_USE_BRDF1 UNITY_SPECCUBE_BOX_PROJECTION UNITY_SPECCUBE_BLENDING UNITY_ENABLE_DETAIL_NORMALMAP SHADER_API_DESKTOP UNITY_LIGHT_PROBE_PROXY_VOLUME UNITY_LIGHTMAP_FULL_HDR ok=1
Cmd: compileSnippet
  api=4 type=1 insize=7774 outsize=5702 kw=DECALS_3RT _NORMALMAP_TANGENT_SPACE pd=UNITY_ENABLE_REFLECTION_BUFFERS UNITY_USE_DITHER_MASK_FOR_ALPHABLENDED_SHADOWS UNITY_PBS_USE_BRDF1 UNITY_SPECCUBE_BOX_PROJECTION UNITY_SPECCUBE_BLENDING UNITY_ENABLE_DETAIL_NORMALMAP SHADER_API_DESKTOP UNITY_LIGHT_PROBE_PROXY_VOLUME UNITY_LIGHTMAP_FULL_HDR ok=1
Cmd: compileSnippet
  api=4 type=0 insize=6174 outsize=502 kw= pd=UNITY_ENABLE_REFLECTION_BUFFERS UNITY_USE_DITHER_MASK_FOR_ALPHABLENDED_SHADOWS UNITY_PBS_USE_BRDF1 UNITY_SPECCUBE_BOX_PROJECTION UNITY_SPECCUBE_BLENDING UNITY_ENABLE_DETAIL_NORMALMAP SHADER_API_DESKTOP UNITY_LIGHT_PROBE_PROXY_VOLUME UNITY_LIGHTMAP_FULL_HDR ok=1
