Base path: 'D:/unity/unity/2019.4.18f1/Editor/Data', plugins path 'D:/unity/unity/2019.4.18f1/Editor/Data/PlaybackEngines'
Cmd: initializeCompiler
Cmd: compileSnippet
  api=4 type=0 insize=3240 outsize=502 kw= pd=UNITY_ENABLE_REFLECTION_BUFFERS UNITY_USE_DITHER_MASK_FOR_ALPHABLENDED_SHADOWS UNITY_PBS_USE_BRDF1 UNITY_SPECCUBE_BOX_PROJECTION UNITY_SPECCUBE_BLENDING UNITY_ENABLE_DETAIL_NORMALMAP SHADER_API_DESKTOP UNITY_LIGHT_PROBE_PROXY_VOLUME UNITY_LIGHTMAP_FULL_HDR ok=1
Cmd: compileSnippet
  api=4 type=1 insize=3073 outsize=1050 kw= pd=UNITY_ENABLE_REFLECTION_BUFFERS UNITY_USE_DITHER_MASK_FOR_ALPHABLENDED_SHADOWS UNITY_PBS_USE_BRDF1 UNITY_SPECCUBE_BOX_PROJECTION UNITY_SPECCUBE_BLENDING UNITY_ENABLE_DETAIL_NORMALMAP SHADER_API_DESKTOP UNITY_LIGHT_PROBE_PROXY_VOLUME UNITY_LIGHTMAP_FULL_HDR ok=1
Cmd: compileSnippet
  api=4 type=1 insize=1354 outsize=222 kw= pd=UNITY_ENABLE_REFLECTION_BUFFERS UNITY_USE_DITHER_MASK_FOR_ALPHABLENDED_SHADOWS UNITY_PBS_USE_BRDF1 UNITY_SPECCUBE_BOX_PROJECTION UNITY_SPECCUBE_BLENDING UNITY_ENABLE_DETAIL_NORMALMAP SHADER_API_DESKTOP UNITY_LIGHT_PROBE_PROXY_VOLUME UNITY_LIGHTMAP_FULL_HDR ok=1
Cmd: initializeCompiler
Cmd: compileComputeKernel
  api=4 insize=16402 outsize=10676 ok=1
Cmd: compileComputeKernel
  api=4 insize=9342 outsize=3270 ok=1
Cmd: compileComputeKernel
  api=4 insize=9677 outsize=5246 ok=1
Cmd: compileComputeKernel
  api=4 insize=4693 outsize=2751 ok=1
Cmd: compileComputeKernel
  api=4 insize=13862 outsize=2201 ok=1
Cmd: compileComputeKernel
  api=4 insize=39604 outsize=37933 ok=1
Cmd: compileComputeKernel
  api=4 insize=39604 outsize=41874 ok=1
Cmd: compileComputeKernel
  api=4 insize=21755 outsize=15432 ok=1
Cmd: compileComputeKernel
  api=4 insize=7638 outsize=7557 ok=1
Cmd: compileComputeKernel
  api=4 insize=21811 outsize=1133 ok=1
Cmd: compileComputeKernel
  api=4 insize=6596 outsize=1877 ok=1
Cmd: compileComputeKernel
  api=4 insize=6596 outsize=919 ok=1
Cmd: compileComputeKernel
  api=4 insize=25900 outsize=324 ok=1
Cmd: compileComputeKernel
  api=4 insize=16083 outsize=14952 ok=1
Cmd: compileComputeKernel
  api=4 insize=16083 outsize=41198 ok=1
Cmd: compileComputeKernel
  api=4 insize=16083 outsize=34432 ok=1
Cmd: compileComputeKernel
  api=4 insize=16083 outsize=38470 ok=1
Cmd: compileComputeKernel
  api=4 insize=16083 outsize=48257 ok=1
Cmd: compileComputeKernel
  api=4 insize=16083 outsize=101293 ok=1
Cmd: compileComputeKernel
  api=4 insize=3607 outsize=1820 ok=1
Cmd: compileComputeKernel
  api=4 insize=27979 outsize=1036 ok=1
Cmd: compileComputeKernel
  api=4 insize=11912 outsize=1307 ok=1
Cmd: compileComputeKernel
  api=4 insize=7401 outsize=1322 ok=1
Cmd: compileComputeKernel
  api=4 insize=8603 outsize=94467 ok=1
Cmd: compileSnippet
  api=4 type=0 insize=7774 outsize=1726 kw=DECALS_3RT _NORMALMAP_TANGENT_SPACE pd=UNITY_ENABLE_REFLECTION_BUFFERS UNITY_USE_DITHER_MASK_FOR_ALPHABLENDED_SHADOWS UNITY_PBS_USE_BRDF1 UNITY_SPECCUBE_BOX_PROJECTION UNITY_SPECCUBE_BLENDING UNITY_ENABLE_DETAIL_NORMALMAP SHADER_API_DESKTOP UNITY_LIGHT_PROBE_PROXY_VOLUME UNITY_LIGHTMAP_FULL_HDR ok=1
Cmd: compileSnippet
  api=4 type=0 insize=3007 outsize=402 kw= pd=UNITY_ENABLE_REFLECTION_BUFFERS UNITY_USE_DITHER_MASK_FOR_ALPHABLENDED_SHADOWS UNITY_PBS_USE_BRDF1 UNITY_SPECCUBE_BOX_PROJECTION UNITY_SPECCUBE_BLENDING UNITY_ENABLE_DETAIL_NORMALMAP SHADER_API_DESKTOP UNITY_LIGHT_PROBE_PROXY_VOLUME UNITY_LIGHTMAP_FULL_HDR ok=1
Cmd: compileSnippet
  api=4 type=1 insize=3007 outsize=1050 kw= pd=UNITY_ENABLE_REFLECTION_BUFFERS UNITY_USE_DITHER_MASK_FOR_ALPHABLENDED_SHADOWS UNITY_PBS_USE_BRDF1 UNITY_SPECCUBE_BOX_PROJECTION UNITY_SPECCUBE_BLENDING UNITY_ENABLE_DETAIL_NORMALMAP SHADER_API_DESKTOP UNITY_LIGHT_PROBE_PROXY_VOLUME UNITY_LIGHTMAP_FULL_HDR ok=1
Cmd: compileSnippet
  api=4 type=1 insize=22314 outsize=346 kw= pd=UNITY_ENABLE_REFLECTION_BUFFERS UNITY_USE_DITHER_MASK_FOR_ALPHABLENDED_SHADOWS UNITY_PBS_USE_BRDF1 UNITY_SPECCUBE_BOX_PROJECTION UNITY_SPECCUBE_BLENDING UNITY_ENABLE_DETAIL_NORMALMAP SHADER_API_DESKTOP UNITY_LIGHT_PROBE_PROXY_VOLUME UNITY_LIGHTMAP_FULL_HDR ok=1
